
Circuit 1 cell sky130_fd_pr__cap_mim_m3_1 and Circuit 2 cell sky130_fd_pr__cap_mim_m3_1 are black boxes.
Warning: Equate pins:  cell sky130_fd_pr__cap_mim_m3_1 is a placeholder, treated as a black box.
Warning: Equate pins:  cell sky130_fd_pr__cap_mim_m3_1 is a placeholder, treated as a black box.

Subcircuit pins:
Circuit 1: sky130_fd_pr__cap_mim_m3_1      |Circuit 2: sky130_fd_pr__cap_mim_m3_1      
-------------------------------------------|-------------------------------------------
1                                          |1                                          
2                                          |2                                          
---------------------------------------------------------------------------------------
Cell pin lists are equivalent.
Device classes sky130_fd_pr__cap_mim_m3_1 and sky130_fd_pr__cap_mim_m3_1 are equivalent.

Circuit 1 cell sky130_fd_pr__pfet_01v8 and Circuit 2 cell sky130_fd_pr__pfet_01v8 are black boxes.
Warning: Equate pins:  cell sky130_fd_pr__pfet_01v8 is a placeholder, treated as a black box.
Warning: Equate pins:  cell sky130_fd_pr__pfet_01v8 is a placeholder, treated as a black box.

Subcircuit pins:
Circuit 1: sky130_fd_pr__pfet_01v8         |Circuit 2: sky130_fd_pr__pfet_01v8         
-------------------------------------------|-------------------------------------------
1                                          |1                                          
2                                          |2                                          
3                                          |3                                          
4                                          |4                                          
---------------------------------------------------------------------------------------
Cell pin lists are equivalent.
Device classes sky130_fd_pr__pfet_01v8 and sky130_fd_pr__pfet_01v8 are equivalent.

Circuit 1 cell sky130_fd_pr__nfet_01v8 and Circuit 2 cell sky130_fd_pr__nfet_01v8 are black boxes.
Warning: Equate pins:  cell sky130_fd_pr__nfet_01v8 is a placeholder, treated as a black box.
Warning: Equate pins:  cell sky130_fd_pr__nfet_01v8 is a placeholder, treated as a black box.

Subcircuit pins:
Circuit 1: sky130_fd_pr__nfet_01v8         |Circuit 2: sky130_fd_pr__nfet_01v8         
-------------------------------------------|-------------------------------------------
1                                          |1                                          
2                                          |2                                          
3                                          |3                                          
4                                          |4                                          
---------------------------------------------------------------------------------------
Cell pin lists are equivalent.
Device classes sky130_fd_pr__nfet_01v8 and sky130_fd_pr__nfet_01v8 are equivalent.
Flattening unmatched subcell sky130_fd_pr__cap_mim_m3_1_FJK8MD in circuit unitcap (0)(1 instance)

Subcircuit summary:
Circuit 1: unitcap                         |Circuit 2: unitcap                         
-------------------------------------------|-------------------------------------------
sky130_fd_pr__cap_mim_m3_1 (1)             |sky130_fd_pr__cap_mim_m3_1 (1)             
Number of devices: 1                       |Number of devices: 1                       
Number of nets: 2                          |Number of nets: 2                          
---------------------------------------------------------------------------------------
Netlists match uniquely.

Subcircuit pins:
Circuit 1: unitcap                         |Circuit 2: unitcap                         
-------------------------------------------|-------------------------------------------
cp                                         |cp                                         
cn                                         |cn                                         
---------------------------------------------------------------------------------------
Cell pin lists are equivalent.
Device classes unitcap and unitcap are equivalent.

Circuit 2 cell sky130_fd_sc_hd__decap_3 is a black box; will not flatten Circuit 1
Warning: Equate pins:  cell sky130_fd_sc_hd__decap_3 is a placeholder, treated as a black box.

Subcircuit pins:
Circuit 1: sky130_fd_sc_hd__decap_3        |Circuit 2: sky130_fd_sc_hd__decap_3        
-------------------------------------------|-------------------------------------------
(no matching pin)                          |1                                          
(no matching pin)                          |2                                          
(no matching pin)                          |3                                          
(no matching pin)                          |4                                          
VGND                                       |(no matching pin)                          
VNB                                        |(no matching pin)                          
VPB                                        |(no matching pin)                          
VPWR                                       |(no matching pin)                          
---------------------------------------------------------------------------------------
Cell pin lists are equivalent.
Device classes sky130_fd_sc_hd__decap_3 and sky130_fd_sc_hd__decap_3 are equivalent.

Circuit 2 cell sky130_fd_sc_hd__inv_4 is a black box; will not flatten Circuit 1
Class sky130_fd_sc_hd__inv_4 (0):  Merged 6 parallel devices.
Warning: Equate pins:  cell sky130_fd_sc_hd__inv_4 is a placeholder, treated as a black box.

Subcircuit pins:
Circuit 1: sky130_fd_sc_hd__inv_4          |Circuit 2: sky130_fd_sc_hd__inv_4          
-------------------------------------------|-------------------------------------------
(no matching pin)                          |1                                          
(no matching pin)                          |2                                          
(no matching pin)                          |3                                          
(no matching pin)                          |4                                          
(no matching pin)                          |5                                          
(no matching pin)                          |6                                          
A                                          |(no matching pin)                          
VGND                                       |(no matching pin)                          
VNB                                        |(no matching pin)                          
VPB                                        |(no matching pin)                          
VPWR                                       |(no matching pin)                          
Y                                          |(no matching pin)                          
---------------------------------------------------------------------------------------
Cell pin lists are equivalent.
Device classes sky130_fd_sc_hd__inv_4 and sky130_fd_sc_hd__inv_4 are equivalent.

Circuit 2 cell sky130_fd_sc_hd__decap_8 is a black box; will not flatten Circuit 1
Warning: Equate pins:  cell sky130_fd_sc_hd__decap_8 is a placeholder, treated as a black box.

Subcircuit pins:
Circuit 1: sky130_fd_sc_hd__decap_8        |Circuit 2: sky130_fd_sc_hd__decap_8        
-------------------------------------------|-------------------------------------------
(no matching pin)                          |1                                          
(no matching pin)                          |2                                          
(no matching pin)                          |3                                          
(no matching pin)                          |4                                          
VGND                                       |(no matching pin)                          
VNB                                        |(no matching pin)                          
VPB                                        |(no matching pin)                          
VPWR                                       |(no matching pin)                          
---------------------------------------------------------------------------------------
Cell pin lists are equivalent.
Device classes sky130_fd_sc_hd__decap_8 and sky130_fd_sc_hd__decap_8 are equivalent.

Circuit 2 cell sky130_fd_sc_hd__inv_2 is a black box; will not flatten Circuit 1
Class sky130_fd_sc_hd__inv_2 (0):  Merged 2 parallel devices.
Warning: Equate pins:  cell sky130_fd_sc_hd__inv_2 is a placeholder, treated as a black box.

Subcircuit pins:
Circuit 1: sky130_fd_sc_hd__inv_2          |Circuit 2: sky130_fd_sc_hd__inv_2          
-------------------------------------------|-------------------------------------------
(no matching pin)                          |1                                          
(no matching pin)                          |2                                          
(no matching pin)                          |3                                          
(no matching pin)                          |4                                          
(no matching pin)                          |5                                          
(no matching pin)                          |6                                          
A                                          |(no matching pin)                          
VGND                                       |(no matching pin)                          
VNB                                        |(no matching pin)                          
VPB                                        |(no matching pin)                          
VPWR                                       |(no matching pin)                          
Y                                          |(no matching pin)                          
---------------------------------------------------------------------------------------
Cell pin lists are equivalent.
Device classes sky130_fd_sc_hd__inv_2 and sky130_fd_sc_hd__inv_2 are equivalent.

Subcircuit summary:
Circuit 1: carray                          |Circuit 2: carray                          
-------------------------------------------|-------------------------------------------
unitcap (340)                              |unitcap (340)                              
Number of devices: 340                     |Number of devices: 340                     
Number of nets: 94                         |Number of nets: 94                         
---------------------------------------------------------------------------------------
Resolving symmetries by property value.
Resolving symmetries by pin name.
Netlists match with 9 symmetries.

Subcircuit pins:
Circuit 1: carray                          |Circuit 2: carray                          
-------------------------------------------|-------------------------------------------
n3                                         |n3                                         
n4                                         |n4                                         
n1                                         |n1                                         
n7                                         |n7                                         
n2                                         |n2                                         
n6                                         |n6                                         
ndum                                       |ndum                                       
n0                                         |n0                                         
n5                                         |n5                                         
unitcap_9/cp                               |top **Mismatch**                           
---------------------------------------------------------------------------------------
Cell pin lists for carray and carray altered to match.
Device classes carray and carray are equivalent.
Flattening unmatched subcell sky130_fd_pr__pfet_01v8_VVAZD4 in circuit sw_top (0)(1 instance)
Flattening unmatched subcell sky130_fd_pr__nfet_01v8_JJRV6Y in circuit sw_top (0)(1 instance)

Class sw_top (0):  Merged 18 parallel devices.
Subcircuit summary:
Circuit 1: sw_top                          |Circuit 2: sw_top                          
-------------------------------------------|-------------------------------------------
sky130_fd_pr__pfet_01v8 (10->1)            |sky130_fd_pr__pfet_01v8 (10->1)            
sky130_fd_sc_hd__decap_3 (1)               |sky130_fd_sc_hd__decap_3 (1)               
sky130_fd_sc_hd__inv_4 (2)                 |sky130_fd_sc_hd__inv_4 (2)                 
sky130_fd_sc_hd__decap_8 (1)               |sky130_fd_sc_hd__decap_8 (1)               
sky130_fd_pr__nfet_01v8 (10->1)            |sky130_fd_pr__nfet_01v8 (10->1)            
Number of devices: 6                       |Number of devices: 6                       
Number of nets: 27                         |Number of nets: 27                         
---------------------------------------------------------------------------------------
NET mismatches: Class fragments follow (with fanout counts):
Circuit 1: sw_top                          |Circuit 2: sw_top                          

---------------------------------------------------------------------------------------
Net: dummy_27                              |Net: dummy_27                              
  sky130_fd_sc_hd__decap_8/proxy4 = 1      |  sky130_fd_sc_hd__decap_8/proxyVPWR = 1   
                                           |                                           
Net: dummy_26                              |Net: dummy_26                              
  sky130_fd_sc_hd__decap_8/proxy3 = 1      |  sky130_fd_sc_hd__decap_8/proxyVPB = 1    
                                           |                                           
Net: dummy_25                              |Net: dummy_25                              
  sky130_fd_sc_hd__decap_8/proxy2 = 1      |  sky130_fd_sc_hd__decap_8/proxyVNB = 1    
                                           |                                           
Net: dummy_24                              |Net: dummy_24                              
  sky130_fd_sc_hd__decap_8/proxy1 = 1      |  sky130_fd_sc_hd__decap_8/proxyVGND = 1   
                                           |                                           
Net: dummy_23                              |Net: dummy_23                              
  sky130_fd_sc_hd__inv_4/proxy6 = 1        |  sky130_fd_sc_hd__inv_4/proxyY = 1        
                                           |                                           
Net: dummy_22                              |Net: dummy_22                              
  sky130_fd_sc_hd__inv_4/proxy5 = 1        |  sky130_fd_sc_hd__inv_4/proxyVPWR = 1     
                                           |                                           
Net: dummy_21                              |Net: dummy_21                              
  sky130_fd_sc_hd__inv_4/proxy4 = 1        |  sky130_fd_sc_hd__inv_4/proxyVPB = 1      
                                           |                                           
Net: dummy_20                              |Net: dummy_20                              
  sky130_fd_sc_hd__inv_4/proxy3 = 1        |  sky130_fd_sc_hd__inv_4/proxyVNB = 1      
                                           |                                           
Net: dummy_19                              |Net: dummy_19                              
  sky130_fd_sc_hd__inv_4/proxy2 = 1        |  sky130_fd_sc_hd__inv_4/proxyVGND = 1     
                                           |                                           
Net: dummy_18                              |Net: dummy_18                              
  sky130_fd_sc_hd__inv_4/proxy1 = 1        |  sky130_fd_sc_hd__inv_4/proxyA = 1        
                                           |                                           
Net: dummy_17                              |Net: dummy_17                              
  sky130_fd_sc_hd__inv_4/proxy6 = 1        |  sky130_fd_sc_hd__inv_4/proxyY = 1        
                                           |                                           
Net: dummy_16                              |Net: dummy_16                              
  sky130_fd_sc_hd__inv_4/proxy5 = 1        |  sky130_fd_sc_hd__inv_4/proxyVPWR = 1     
                                           |                                           
Net: dummy_15                              |Net: dummy_15                              
  sky130_fd_sc_hd__inv_4/proxy4 = 1        |  sky130_fd_sc_hd__inv_4/proxyVPB = 1      
                                           |                                           
Net: dummy_14                              |Net: dummy_14                              
  sky130_fd_sc_hd__inv_4/proxy3 = 1        |  sky130_fd_sc_hd__inv_4/proxyVNB = 1      
                                           |                                           
Net: dummy_13                              |Net: dummy_13                              
  sky130_fd_sc_hd__inv_4/proxy2 = 1        |  sky130_fd_sc_hd__inv_4/proxyVGND = 1     
                                           |                                           
Net: dummy_12                              |Net: dummy_12                              
  sky130_fd_sc_hd__inv_4/proxy1 = 1        |  sky130_fd_sc_hd__inv_4/proxyA = 1        
                                           |                                           
Net: dummy_11                              |Net: dummy_11                              
  sky130_fd_sc_hd__decap_3/proxy4 = 1      |  sky130_fd_sc_hd__decap_3/proxyVPWR = 1   
                                           |                                           
Net: dummy_10                              |Net: dummy_10                              
  sky130_fd_sc_hd__decap_3/proxy3 = 1      |  sky130_fd_sc_hd__decap_3/proxyVPB = 1    
                                           |                                           
Net: dummy_9                               |Net: dummy_9                               
  sky130_fd_sc_hd__decap_3/proxy2 = 1      |  sky130_fd_sc_hd__decap_3/proxyVNB = 1    
                                           |                                           
Net: dummy_8                               |Net: dummy_8                               
  sky130_fd_sc_hd__decap_3/proxy1 = 1      |  sky130_fd_sc_hd__decap_3/proxyVGND = 1   
                                           |                                           
Net: en                                    |Net: en                                    
  sky130_fd_sc_hd__inv_4/A = 1             |  sky130_fd_sc_hd__inv_4/1 = 1             
---------------------------------------------------------------------------------------

---------------------------------------------------------------------------------------
Net: vdd                                   |Net: vdd                                   
  sky130_fd_pr__pfet_01v8/4 = 1            |  sky130_fd_pr__pfet_01v8/4 = 1            
  sky130_fd_sc_hd__decap_3/VPB = 1         |  sky130_fd_sc_hd__decap_8/4 = 1           
  sky130_fd_sc_hd__decap_3/VPWR = 1        |  sky130_fd_sc_hd__inv_4/4 = 2             
  sky130_fd_sc_hd__inv_4/VPB = 2           |  sky130_fd_sc_hd__inv_4/5 = 2             
  sky130_fd_sc_hd__inv_4/VPWR = 2          |  sky130_fd_sc_hd__decap_3/3 = 1           
  sky130_fd_sc_hd__decap_8/VPB = 1         |  sky130_fd_sc_hd__decap_3/4 = 1           
  sky130_fd_sc_hd__decap_8/VPWR = 1        |  sky130_fd_sc_hd__decap_8/3 = 1           
                                           |                                           
Net: vss                                   |Net: vss                                   
  sky130_fd_sc_hd__decap_3/VGND = 1        |  sky130_fd_sc_hd__decap_8/1 = 1           
  sky130_fd_sc_hd__decap_3/VNB = 1         |  sky130_fd_sc_hd__decap_8/2 = 1           
  sky130_fd_sc_hd__inv_4/VGND = 2          |  sky130_fd_sc_hd__inv_4/2 = 2             
  sky130_fd_sc_hd__inv_4/VNB = 2           |  sky130_fd_sc_hd__inv_4/3 = 2             
  sky130_fd_sc_hd__decap_8/VGND = 1        |  sky130_fd_sc_hd__decap_3/1 = 1           
  sky130_fd_sc_hd__decap_8/VNB = 1         |  sky130_fd_sc_hd__decap_3/2 = 1           
  sky130_fd_pr__nfet_01v8/4 = 1            |  sky130_fd_pr__nfet_01v8/4 = 1            
---------------------------------------------------------------------------------------

---------------------------------------------------------------------------------------
Net: en_buf                                |Net: en_buf                                
  sky130_fd_pr__pfet_01v8/2 = 1            |  sky130_fd_pr__pfet_01v8/2 = 1            
  sky130_fd_sc_hd__inv_4/A = 1             |  sky130_fd_sc_hd__inv_4/1 = 1             
  sky130_fd_sc_hd__inv_4/Y = 1             |  sky130_fd_sc_hd__inv_4/6 = 1             
---------------------------------------------------------------------------------------

---------------------------------------------------------------------------------------
Net: net1                                  |Net: net1                                  
  sky130_fd_sc_hd__inv_4/Y = 1             |  sky130_fd_sc_hd__inv_4/6 = 1             
  sky130_fd_pr__nfet_01v8/2 = 1            |  sky130_fd_pr__nfet_01v8/2 = 1            
---------------------------------------------------------------------------------------
DEVICE mismatches: Class fragments follow (with node fanout counts):
Circuit 1: sw_top                          |Circuit 2: sw_top                          

---------------------------------------------------------------------------------------
Instance: sky130_fd_sc_hd__decap_8_0       |Instance: sky130_fd_sc_hd__decap_8:2       
  VGND = 9                                 |  proxyVGND = 1                            
  VNB = 9                                  |  proxyVNB = 1                             
  VPB = 9                                  |  proxyVPB = 1                             
  VPWR = 9                                 |  proxyVPWR = 1                            
  proxy1 = 1                               |  1 = 9                                    
  proxy2 = 1                               |  2 = 9                                    
  proxy3 = 1                               |  3 = 9                                    
  proxy4 = 1                               |  4 = 9                                    
---------------------------------------------------------------------------------------

---------------------------------------------------------------------------------------
Instance: sky130_fd_sc_hd__inv_4_1         |Instance: sky130_fd_sc_hd__inv_4:1         
  A = 1                                    |  proxyA = 1                               
  VGND = 9                                 |  proxyVGND = 1                            
  VNB = 9                                  |  proxyVNB = 1                             
  VPB = 9                                  |  proxyVPB = 1                             
  VPWR = 9                                 |  proxyVPWR = 1                            
  Y = 3                                    |  proxyY = 1                               
  proxy1 = 1                               |  1 = 1                                    
  proxy2 = 1                               |  2 = 9                                    
  proxy3 = 1                               |  3 = 9                                    
  proxy4 = 1                               |  4 = 9                                    
  proxy5 = 1                               |  5 = 9                                    
  proxy6 = 1                               |  6 = 3                                    
                                           |                                           
Instance: sky130_fd_sc_hd__inv_4_0         |Instance: sky130_fd_sc_hd__inv_4:4         
  A = 3                                    |  proxyA = 1                               
  VGND = 9                                 |  proxyVGND = 1                            
  VNB = 9                                  |  proxyVNB = 1                             
  VPB = 9                                  |  proxyVPB = 1                             
  VPWR = 9                                 |  proxyVPWR = 1                            
  Y = 2                                    |  proxyY = 1                               
  proxy1 = 1                               |  1 = 3                                    
  proxy2 = 1                               |  2 = 9                                    
  proxy3 = 1                               |  3 = 9                                    
  proxy4 = 1                               |  4 = 9                                    
  proxy5 = 1                               |  5 = 9                                    
  proxy6 = 1                               |  6 = 2                                    
---------------------------------------------------------------------------------------

---------------------------------------------------------------------------------------
Instance: sky130_fd_sc_hd__decap_3_0       |Instance: sky130_fd_sc_hd__decap_3:5       
  VGND = 9                                 |  proxyVGND = 1                            
  VNB = 9                                  |  proxyVNB = 1                             
  VPB = 9                                  |  proxyVPB = 1                             
  VPWR = 9                                 |  proxyVPWR = 1                            
  proxy1 = 1                               |  1 = 9                                    
  proxy2 = 1                               |  2 = 9                                    
  proxy3 = 1                               |  3 = 9                                    
  proxy4 = 1                               |  4 = 9                                    
---------------------------------------------------------------------------------------
Netlists do not match.
  Flattening non-matched subcircuits sw_top sw_top

Class dac (0):  Merged 6 parallel devices.
Class dac (1):  Merged 6 parallel devices.
Subcircuit summary:
Circuit 1: dac                             |Circuit 2: dac                             
-------------------------------------------|-------------------------------------------
sky130_fd_sc_hd__inv_2 (9)                 |sky130_fd_sc_hd__inv_2 (9)                 
carray (1)                                 |carray (1)                                 
sky130_fd_pr__pfet_01v8 (40->4)            |sky130_fd_pr__pfet_01v8 (40->4)            
sky130_fd_sc_hd__decap_3 (4->1)            |sky130_fd_sc_hd__decap_3 (4->1)            
sky130_fd_sc_hd__inv_4 (8)                 |sky130_fd_sc_hd__inv_4 (8)                 
sky130_fd_sc_hd__decap_8 (4->1)            |sky130_fd_sc_hd__decap_8 (4->1)            
sky130_fd_pr__nfet_01v8 (40->4)            |sky130_fd_pr__nfet_01v8 (40->4)            
Number of devices: 28                      |Number of devices: 28                      
Number of nets: 142 **Mismatch**           |Number of nets: 141 **Mismatch**           
---------------------------------------------------------------------------------------
NET mismatches: Class fragments follow (with fanout counts):
Circuit 1: dac                             |Circuit 2: dac                             

---------------------------------------------------------------------------------------
Net: vss                                   |Net: vss                                   
  sky130_fd_sc_hd__inv_2/VGND = 9          |  sky130_fd_sc_hd__inv_2/2 = 9             
  sky130_fd_sc_hd__inv_2/VNB = 9           |  sky130_fd_sc_hd__inv_2/3 = 9             
  sky130_fd_sc_hd__decap_3/VGND = 1        |  sky130_fd_sc_hd__decap_8/1 = 1           
  sky130_fd_sc_hd__decap_3/VNB = 1         |  sky130_fd_sc_hd__decap_8/2 = 1           
  sky130_fd_sc_hd__inv_4/VGND = 8          |  sky130_fd_sc_hd__inv_4/2 = 8             
  sky130_fd_sc_hd__inv_4/VNB = 8           |  sky130_fd_sc_hd__inv_4/3 = 8             
  sky130_fd_sc_hd__decap_8/VGND = 1        |  sky130_fd_sc_hd__decap_3/1 = 1           
  sky130_fd_sc_hd__decap_8/VNB = 1         |  sky130_fd_sc_hd__decap_3/2 = 1           
  sky130_fd_pr__nfet_01v8/4 = 4            |  sky130_fd_pr__nfet_01v8/4 = 4            
                                           |                                           
Net: vdd                                   |Net: vdd                                   
  sky130_fd_sc_hd__inv_2/VPWR = 9          |  sky130_fd_sc_hd__inv_2/4 = 9             
  sky130_fd_pr__pfet_01v8/4 = 4            |  sky130_fd_pr__pfet_01v8/4 = 4            
  sky130_fd_sc_hd__decap_3/VPB = 1         |  sky130_fd_sc_hd__decap_8/3 = 1           
  sky130_fd_sc_hd__decap_3/VPWR = 1        |  sky130_fd_sc_hd__decap_8/4 = 1           
  sky130_fd_sc_hd__inv_4/VPB = 8           |  sky130_fd_sc_hd__inv_4/4 = 8             
  sky130_fd_sc_hd__inv_4/VPWR = 8          |  sky130_fd_sc_hd__inv_4/5 = 8             
  sky130_fd_sc_hd__decap_8/VPB = 1         |  sky130_fd_sc_hd__decap_3/3 = 1           
  sky130_fd_sc_hd__decap_8/VPWR = 1        |  sky130_fd_sc_hd__decap_3/4 = 1           
                                           |  sky130_fd_sc_hd__inv_2/5 = 9             
                                           |                                           
Net: sky130_fd_sc_hd__inv_2_9/VPB          |(no matching net)                          
  sky130_fd_sc_hd__inv_2/VPB = 9           |                                           
---------------------------------------------------------------------------------------

---------------------------------------------------------------------------------------
Net: /sw_top_3/en_buf                      |Net: sw_top:swt3/en_buf                    
  sky130_fd_pr__pfet_01v8/2 = 1            |  sky130_fd_sc_hd__inv_4/1 = 1             
  sky130_fd_sc_hd__inv_4/A = 1             |  sky130_fd_pr__pfet_01v8/2 = 1            
  sky130_fd_sc_hd__inv_4/Y = 1             |  sky130_fd_sc_hd__inv_4/6 = 1             
                                           |                                           
Net: /sw_top_2/en_buf                      |Net: sw_top:swt2/en_buf                    
  sky130_fd_pr__pfet_01v8/2 = 1            |  sky130_fd_sc_hd__inv_4/1 = 1             
  sky130_fd_sc_hd__inv_4/A = 1             |  sky130_fd_pr__pfet_01v8/2 = 1            
  sky130_fd_sc_hd__inv_4/Y = 1             |  sky130_fd_sc_hd__inv_4/6 = 1             
                                           |                                           
Net: /sw_top_1/en_buf                      |Net: sw_top:swt1/en_buf                    
  sky130_fd_pr__pfet_01v8/2 = 1            |  sky130_fd_sc_hd__inv_4/1 = 1             
  sky130_fd_sc_hd__inv_4/A = 1             |  sky130_fd_pr__pfet_01v8/2 = 1            
  sky130_fd_sc_hd__inv_4/Y = 1             |  sky130_fd_sc_hd__inv_4/6 = 1             
                                           |                                           
Net: /sw_top_0/en_buf                      |Net: sw_top:swt/en_buf                     
  sky130_fd_pr__pfet_01v8/2 = 1            |  sky130_fd_sc_hd__inv_4/1 = 1             
  sky130_fd_sc_hd__inv_4/A = 1             |  sky130_fd_pr__pfet_01v8/2 = 1            
  sky130_fd_sc_hd__inv_4/Y = 1             |  sky130_fd_sc_hd__inv_4/6 = 1             
---------------------------------------------------------------------------------------

---------------------------------------------------------------------------------------
Net: sample                                |Net: sample                                
  sky130_fd_sc_hd__inv_4/A = 4             |  sky130_fd_sc_hd__inv_4/1 = 4             
---------------------------------------------------------------------------------------

---------------------------------------------------------------------------------------
Net: /sw_top_3/dummy_23                    |Net: sw_top:swt3/dummy_23                  
  sky130_fd_sc_hd__inv_4/proxy6 = 1        |  sky130_fd_sc_hd__inv_4/proxyY = 1        
                                           |                                           
Net: /sw_top_2/dummy_23                    |Net: sw_top:swt2/dummy_23                  
  sky130_fd_sc_hd__inv_4/proxy6 = 1        |  sky130_fd_sc_hd__inv_4/proxyY = 1        
                                           |                                           
Net: /sw_top_1/dummy_23                    |Net: sw_top:swt1/dummy_23                  
  sky130_fd_sc_hd__inv_4/proxy6 = 1        |  sky130_fd_sc_hd__inv_4/proxyY = 1        
                                           |                                           
Net: /sw_top_0/dummy_23                    |Net: sw_top:swt/dummy_23                   
  sky130_fd_sc_hd__inv_4/proxy6 = 1        |  sky130_fd_sc_hd__inv_4/proxyY = 1        
                                           |                                           
Net: /sw_top_3/dummy_22                    |Net: sw_top:swt3/dummy_22                  
  sky130_fd_sc_hd__inv_4/proxy5 = 1        |  sky130_fd_sc_hd__inv_4/proxyVPWR = 1     
                                           |                                           
Net: /sw_top_2/dummy_22                    |Net: sw_top:swt2/dummy_22                  
  sky130_fd_sc_hd__inv_4/proxy5 = 1        |  sky130_fd_sc_hd__inv_4/proxyVPWR = 1     
                                           |                                           
Net: /sw_top_1/dummy_22                    |Net: sw_top:swt1/dummy_22                  
  sky130_fd_sc_hd__inv_4/proxy5 = 1        |  sky130_fd_sc_hd__inv_4/proxyVPWR = 1     
                                           |                                           
Net: /sw_top_0/dummy_22                    |Net: sw_top:swt/dummy_22                   
  sky130_fd_sc_hd__inv_4/proxy5 = 1        |  sky130_fd_sc_hd__inv_4/proxyVPWR = 1     
                                           |                                           
Net: /sw_top_3/dummy_21                    |Net: sw_top:swt3/dummy_21                  
  sky130_fd_sc_hd__inv_4/proxy4 = 1        |  sky130_fd_sc_hd__inv_4/proxyVPB = 1      
                                           |                                           
Net: /sw_top_2/dummy_21                    |Net: sw_top:swt2/dummy_21                  
  sky130_fd_sc_hd__inv_4/proxy4 = 1        |  sky130_fd_sc_hd__inv_4/proxyVPB = 1      
                                           |                                           
Net: /sw_top_1/dummy_21                    |Net: sw_top:swt1/dummy_21                  
  sky130_fd_sc_hd__inv_4/proxy4 = 1        |  sky130_fd_sc_hd__inv_4/proxyVPB = 1      
                                           |                                           
Net: /sw_top_0/dummy_21                    |Net: sw_top:swt/dummy_21                   
  sky130_fd_sc_hd__inv_4/proxy4 = 1        |  sky130_fd_sc_hd__inv_4/proxyVPB = 1      
                                           |                                           
Net: /sw_top_3/dummy_20                    |Net: sw_top:swt3/dummy_20                  
  sky130_fd_sc_hd__inv_4/proxy3 = 1        |  sky130_fd_sc_hd__inv_4/proxyVNB = 1      
                                           |                                           
Net: /sw_top_2/dummy_20                    |Net: sw_top:swt2/dummy_20                  
  sky130_fd_sc_hd__inv_4/proxy3 = 1        |  sky130_fd_sc_hd__inv_4/proxyVNB = 1      
                                           |                                           
Net: /sw_top_1/dummy_20                    |Net: sw_top:swt1/dummy_20                  
  sky130_fd_sc_hd__inv_4/proxy3 = 1        |  sky130_fd_sc_hd__inv_4/proxyVNB = 1      
                                           |                                           
Net: /sw_top_0/dummy_20                    |Net: sw_top:swt/dummy_20                   
  sky130_fd_sc_hd__inv_4/proxy3 = 1        |  sky130_fd_sc_hd__inv_4/proxyVNB = 1      
                                           |                                           
Net: /sw_top_3/dummy_19                    |Net: sw_top:swt3/dummy_19                  
  sky130_fd_sc_hd__inv_4/proxy2 = 1        |  sky130_fd_sc_hd__inv_4/proxyVGND = 1     
                                           |                                           
Net: /sw_top_2/dummy_19                    |Net: sw_top:swt2/dummy_19                  
  sky130_fd_sc_hd__inv_4/proxy2 = 1        |  sky130_fd_sc_hd__inv_4/proxyVGND = 1     
                                           |                                           
Net: /sw_top_1/dummy_19                    |Net: sw_top:swt1/dummy_19                  
  sky130_fd_sc_hd__inv_4/proxy2 = 1        |  sky130_fd_sc_hd__inv_4/proxyVGND = 1     
                                           |                                           
Net: /sw_top_0/dummy_19                    |Net: sw_top:swt/dummy_19                   
  sky130_fd_sc_hd__inv_4/proxy2 = 1        |  sky130_fd_sc_hd__inv_4/proxyVGND = 1     
                                           |                                           
Net: /sw_top_3/dummy_18                    |Net: sw_top:swt3/dummy_18                  
  sky130_fd_sc_hd__inv_4/proxy1 = 1        |  sky130_fd_sc_hd__inv_4/proxyA = 1        
                                           |                                           
Net: /sw_top_2/dummy_18                    |Net: sw_top:swt2/dummy_18                  
  sky130_fd_sc_hd__inv_4/proxy1 = 1        |  sky130_fd_sc_hd__inv_4/proxyA = 1        
                                           |                                           
Net: /sw_top_1/dummy_18                    |Net: sw_top:swt1/dummy_18                  
  sky130_fd_sc_hd__inv_4/proxy1 = 1        |  sky130_fd_sc_hd__inv_4/proxyA = 1        
                                           |                                           
Net: /sw_top_0/dummy_18                    |Net: sw_top:swt/dummy_18                   
  sky130_fd_sc_hd__inv_4/proxy1 = 1        |  sky130_fd_sc_hd__inv_4/proxyA = 1        
                                           |                                           
Net: /sw_top_3/dummy_17                    |Net: sw_top:swt3/dummy_17                  
  sky130_fd_sc_hd__inv_4/proxy6 = 1        |  sky130_fd_sc_hd__inv_4/proxyY = 1        
                                           |                                           
Net: /sw_top_2/dummy_17                    |Net: sw_top:swt2/dummy_17                  
  sky130_fd_sc_hd__inv_4/proxy6 = 1        |  sky130_fd_sc_hd__inv_4/proxyY = 1        
                                           |                                           
Net: /sw_top_1/dummy_17                    |Net: sw_top:swt1/dummy_17                  
  sky130_fd_sc_hd__inv_4/proxy6 = 1        |  sky130_fd_sc_hd__inv_4/proxyY = 1        
                                           |                                           
Net: /sw_top_0/dummy_17                    |Net: sw_top:swt/dummy_17                   
  sky130_fd_sc_hd__inv_4/proxy6 = 1        |  sky130_fd_sc_hd__inv_4/proxyY = 1        
                                           |                                           
Net: /sw_top_3/dummy_16                    |Net: sw_top:swt3/dummy_16                  
  sky130_fd_sc_hd__inv_4/proxy5 = 1        |  sky130_fd_sc_hd__inv_4/proxyVPWR = 1     
                                           |                                           
Net: /sw_top_2/dummy_16                    |Net: sw_top:swt2/dummy_16                  
  sky130_fd_sc_hd__inv_4/proxy5 = 1        |  sky130_fd_sc_hd__inv_4/proxyVPWR = 1     
                                           |                                           
Net: /sw_top_1/dummy_16                    |Net: sw_top:swt1/dummy_16                  
  sky130_fd_sc_hd__inv_4/proxy5 = 1        |  sky130_fd_sc_hd__inv_4/proxyVPWR = 1     
                                           |                                           
Net: /sw_top_0/dummy_16                    |Net: sw_top:swt/dummy_16                   
  sky130_fd_sc_hd__inv_4/proxy5 = 1        |  sky130_fd_sc_hd__inv_4/proxyVPWR = 1     
                                           |                                           
Net: /sw_top_3/dummy_15                    |Net: sw_top:swt3/dummy_15                  
  sky130_fd_sc_hd__inv_4/proxy4 = 1        |  sky130_fd_sc_hd__inv_4/proxyVPB = 1      
                                           |                                           
Net: /sw_top_2/dummy_15                    |Net: sw_top:swt2/dummy_15                  
  sky130_fd_sc_hd__inv_4/proxy4 = 1        |  sky130_fd_sc_hd__inv_4/proxyVPB = 1      
                                           |                                           
Net: /sw_top_1/dummy_15                    |Net: sw_top:swt1/dummy_15                  
  sky130_fd_sc_hd__inv_4/proxy4 = 1        |  sky130_fd_sc_hd__inv_4/proxyVPB = 1      
                                           |                                           
Net: /sw_top_0/dummy_15                    |Net: sw_top:swt/dummy_15                   
  sky130_fd_sc_hd__inv_4/proxy4 = 1        |  sky130_fd_sc_hd__inv_4/proxyVPB = 1      
                                           |                                           
Net: /sw_top_3/dummy_14                    |Net: sw_top:swt3/dummy_14                  
  sky130_fd_sc_hd__inv_4/proxy3 = 1        |  sky130_fd_sc_hd__inv_4/proxyVNB = 1      
                                           |                                           
Net: /sw_top_2/dummy_14                    |Net: sw_top:swt2/dummy_14                  
  sky130_fd_sc_hd__inv_4/proxy3 = 1        |  sky130_fd_sc_hd__inv_4/proxyVNB = 1      
                                           |                                           
Net: /sw_top_1/dummy_14                    |Net: sw_top:swt1/dummy_14                  
  sky130_fd_sc_hd__inv_4/proxy3 = 1        |  sky130_fd_sc_hd__inv_4/proxyVNB = 1      
                                           |                                           
Net: /sw_top_0/dummy_14                    |Net: sw_top:swt/dummy_14                   
  sky130_fd_sc_hd__inv_4/proxy3 = 1        |  sky130_fd_sc_hd__inv_4/proxyVNB = 1      
                                           |                                           
Net: /sw_top_3/dummy_13                    |Net: sw_top:swt3/dummy_13                  
  sky130_fd_sc_hd__inv_4/proxy2 = 1        |  sky130_fd_sc_hd__inv_4/proxyVGND = 1     
                                           |                                           
Net: /sw_top_2/dummy_13                    |Net: sw_top:swt2/dummy_13                  
  sky130_fd_sc_hd__inv_4/proxy2 = 1        |  sky130_fd_sc_hd__inv_4/proxyVGND = 1     
                                           |                                           
Net: /sw_top_1/dummy_13                    |Net: sw_top:swt1/dummy_13                  
  sky130_fd_sc_hd__inv_4/proxy2 = 1        |  sky130_fd_sc_hd__inv_4/proxyVGND = 1     
                                           |                                           
Net: /sw_top_0/dummy_13                    |Net: sw_top:swt/dummy_13                   
  sky130_fd_sc_hd__inv_4/proxy2 = 1        |  sky130_fd_sc_hd__inv_4/proxyVGND = 1     
                                           |                                           
Net: /sw_top_3/dummy_12                    |Net: sw_top:swt3/dummy_12                  
  sky130_fd_sc_hd__inv_4/proxy1 = 1        |  sky130_fd_sc_hd__inv_4/proxyA = 1        
                                           |                                           
Net: /sw_top_2/dummy_12                    |Net: sw_top:swt2/dummy_12                  
  sky130_fd_sc_hd__inv_4/proxy1 = 1        |  sky130_fd_sc_hd__inv_4/proxyA = 1        
                                           |                                           
Net: /sw_top_1/dummy_12                    |Net: sw_top:swt1/dummy_12                  
  sky130_fd_sc_hd__inv_4/proxy1 = 1        |  sky130_fd_sc_hd__inv_4/proxyA = 1        
                                           |                                           
Net: /sw_top_0/dummy_12                    |Net: sw_top:swt/dummy_12                   
  sky130_fd_sc_hd__inv_4/proxy1 = 1        |  sky130_fd_sc_hd__inv_4/proxyA = 1        
                                           |                                           
Net: /sw_top_0/dummy_27                    |Net: sw_top:swt/dummy_27                   
  sky130_fd_sc_hd__decap_8/proxy4 = 1      |  sky130_fd_sc_hd__decap_8/proxyVPWR = 1   
                                           |                                           
Net: /sw_top_0/dummy_26                    |Net: sw_top:swt/dummy_26                   
  sky130_fd_sc_hd__decap_8/proxy3 = 1      |  sky130_fd_sc_hd__decap_8/proxyVPB = 1    
                                           |                                           
Net: /sw_top_0/dummy_25                    |Net: sw_top:swt/dummy_25                   
  sky130_fd_sc_hd__decap_8/proxy2 = 1      |  sky130_fd_sc_hd__decap_8/proxyVNB = 1    
                                           |                                           
Net: /sw_top_0/dummy_24                    |Net: sw_top:swt/dummy_24                   
  sky130_fd_sc_hd__decap_8/proxy1 = 1      |  sky130_fd_sc_hd__decap_8/proxyVGND = 1   
                                           |                                           
Net: /sw_top_0/dummy_11                    |Net: sw_top:swt/dummy_11                   
  sky130_fd_sc_hd__decap_3/proxy4 = 1      |  sky130_fd_sc_hd__decap_3/proxyVPWR = 1   
                                           |                                           
Net: /sw_top_0/dummy_10                    |Net: sw_top:swt/dummy_10                   
  sky130_fd_sc_hd__decap_3/proxy3 = 1      |  sky130_fd_sc_hd__decap_3/proxyVPB = 1    
                                           |                                           
Net: /sw_top_0/dummy_9                     |Net: sw_top:swt/dummy_9                    
  sky130_fd_sc_hd__decap_3/proxy2 = 1      |  sky130_fd_sc_hd__decap_3/proxyVNB = 1    
                                           |                                           
Net: /sw_top_0/dummy_8                     |Net: sw_top:swt/dummy_8                    
  sky130_fd_sc_hd__decap_3/proxy1 = 1      |  sky130_fd_sc_hd__decap_3/proxyVGND = 1   
                                           |                                           
Net: dummy_77                              |Net: dummy_77                              
  sky130_fd_sc_hd__inv_2/proxy5 = 1        |  sky130_fd_sc_hd__inv_2/proxyY = 1        
                                           |                                           
Net: dummy_71                              |Net: dummy_71                              
  sky130_fd_sc_hd__inv_2/proxy5 = 1        |  sky130_fd_sc_hd__inv_2/proxyY = 1        
                                           |                                           
Net: dummy_65                              |Net: dummy_65                              
  sky130_fd_sc_hd__inv_2/proxy5 = 1        |  sky130_fd_sc_hd__inv_2/proxyY = 1        
                                           |                                           
Net: dummy_59                              |Net: dummy_59                              
  sky130_fd_sc_hd__inv_2/proxy5 = 1        |  sky130_fd_sc_hd__inv_2/proxyY = 1        
                                           |                                           
Net: dummy_53                              |Net: dummy_53                              
  sky130_fd_sc_hd__inv_2/proxy5 = 1        |  sky130_fd_sc_hd__inv_2/proxyY = 1        
                                           |                                           
Net: dummy_47                              |Net: dummy_47                              
  sky130_fd_sc_hd__inv_2/proxy5 = 1        |  sky130_fd_sc_hd__inv_2/proxyY = 1        
                                           |                                           
Net: dummy_41                              |Net: dummy_41                              
  sky130_fd_sc_hd__inv_2/proxy5 = 1        |  sky130_fd_sc_hd__inv_2/proxyY = 1        
                                           |                                           
Net: dummy_35                              |Net: dummy_35                              
  sky130_fd_sc_hd__inv_2/proxy5 = 1        |  sky130_fd_sc_hd__inv_2/proxyY = 1        
                                           |                                           
Net: dummy_29                              |Net: dummy_29                              
  sky130_fd_sc_hd__inv_2/proxy5 = 1        |  sky130_fd_sc_hd__inv_2/proxyY = 1        
                                           |                                           
Net: dummy_76                              |Net: dummy_76                              
  sky130_fd_sc_hd__inv_2/proxy4 = 1        |  sky130_fd_sc_hd__inv_2/proxyVPWR = 1     
                                           |                                           
Net: dummy_70                              |Net: dummy_70                              
  sky130_fd_sc_hd__inv_2/proxy4 = 1        |  sky130_fd_sc_hd__inv_2/proxyVPWR = 1     
                                           |                                           
Net: dummy_64                              |Net: dummy_64                              
  sky130_fd_sc_hd__inv_2/proxy4 = 1        |  sky130_fd_sc_hd__inv_2/proxyVPWR = 1     
                                           |                                           
Net: dummy_58                              |Net: dummy_58                              
  sky130_fd_sc_hd__inv_2/proxy4 = 1        |  sky130_fd_sc_hd__inv_2/proxyVPWR = 1     
                                           |                                           
Net: dummy_52                              |Net: dummy_52                              
  sky130_fd_sc_hd__inv_2/proxy4 = 1        |  sky130_fd_sc_hd__inv_2/proxyVPWR = 1     
                                           |                                           
Net: dummy_46                              |Net: dummy_46                              
  sky130_fd_sc_hd__inv_2/proxy4 = 1        |  sky130_fd_sc_hd__inv_2/proxyVPWR = 1     
                                           |                                           
Net: dummy_40                              |Net: dummy_40                              
  sky130_fd_sc_hd__inv_2/proxy4 = 1        |  sky130_fd_sc_hd__inv_2/proxyVPWR = 1     
                                           |                                           
Net: dummy_34                              |Net: dummy_34                              
  sky130_fd_sc_hd__inv_2/proxy4 = 1        |  sky130_fd_sc_hd__inv_2/proxyVPWR = 1     
                                           |                                           
Net: dummy_28                              |Net: dummy_28                              
  sky130_fd_sc_hd__inv_2/proxy4 = 1        |  sky130_fd_sc_hd__inv_2/proxyVPWR = 1     
                                           |                                           
Net: dummy_75                              |Net: dummy_75                              
  sky130_fd_sc_hd__inv_2/proxy3 = 1        |  sky130_fd_sc_hd__inv_2/proxyVPB = 1      
                                           |                                           
Net: dummy_69                              |Net: dummy_69                              
  sky130_fd_sc_hd__inv_2/proxy3 = 1        |  sky130_fd_sc_hd__inv_2/proxyVPB = 1      
                                           |                                           
Net: dummy_63                              |Net: dummy_63                              
  sky130_fd_sc_hd__inv_2/proxy3 = 1        |  sky130_fd_sc_hd__inv_2/proxyVPB = 1      
                                           |                                           
Net: dummy_57                              |Net: dummy_57                              
  sky130_fd_sc_hd__inv_2/proxy3 = 1        |  sky130_fd_sc_hd__inv_2/proxyVPB = 1      
                                           |                                           
Net: dummy_51                              |Net: dummy_51                              
  sky130_fd_sc_hd__inv_2/proxy3 = 1        |  sky130_fd_sc_hd__inv_2/proxyVPB = 1      
                                           |                                           
Net: dummy_45                              |Net: dummy_45                              
  sky130_fd_sc_hd__inv_2/proxy3 = 1        |  sky130_fd_sc_hd__inv_2/proxyVPB = 1      
                                           |                                           
Net: dummy_39                              |Net: dummy_39                              
  sky130_fd_sc_hd__inv_2/proxy3 = 1        |  sky130_fd_sc_hd__inv_2/proxyVPB = 1      
                                           |                                           
Net: dummy_33                              |Net: dummy_33                              
  sky130_fd_sc_hd__inv_2/proxy3 = 1        |  sky130_fd_sc_hd__inv_2/proxyVPB = 1      
                                           |                                           
Net: dummy_27                              |Net: dummy_27                              
  sky130_fd_sc_hd__inv_2/proxy3 = 1        |  sky130_fd_sc_hd__inv_2/proxyVPB = 1      
                                           |                                           
Net: dummy_74                              |Net: dummy_74                              
  sky130_fd_sc_hd__inv_2/proxy2 = 1        |  sky130_fd_sc_hd__inv_2/proxyVNB = 1      
                                           |                                           
Net: dummy_68                              |Net: dummy_68                              
  sky130_fd_sc_hd__inv_2/proxy2 = 1        |  sky130_fd_sc_hd__inv_2/proxyVNB = 1      
                                           |                                           
Net: dummy_62                              |Net: dummy_62                              
  sky130_fd_sc_hd__inv_2/proxy2 = 1        |  sky130_fd_sc_hd__inv_2/proxyVNB = 1      
                                           |                                           
Net: dummy_56                              |Net: dummy_56                              
  sky130_fd_sc_hd__inv_2/proxy2 = 1        |  sky130_fd_sc_hd__inv_2/proxyVNB = 1      
                                           |                                           
Net: dummy_50                              |Net: dummy_50                              
  sky130_fd_sc_hd__inv_2/proxy2 = 1        |  sky130_fd_sc_hd__inv_2/proxyVNB = 1      
                                           |                                           
Net: dummy_44                              |Net: dummy_44                              
  sky130_fd_sc_hd__inv_2/proxy2 = 1        |  sky130_fd_sc_hd__inv_2/proxyVNB = 1      
                                           |                                           
Net: dummy_38                              |Net: dummy_38                              
  sky130_fd_sc_hd__inv_2/proxy2 = 1        |  sky130_fd_sc_hd__inv_2/proxyVNB = 1      
                                           |                                           
Net: dummy_32                              |Net: dummy_32                              
  sky130_fd_sc_hd__inv_2/proxy2 = 1        |  sky130_fd_sc_hd__inv_2/proxyVNB = 1      
                                           |                                           
Net: dummy_26                              |Net: dummy_26                              
  sky130_fd_sc_hd__inv_2/proxy2 = 1        |  sky130_fd_sc_hd__inv_2/proxyVNB = 1      
                                           |                                           
Net: dummy_73                              |Net: dummy_73                              
  sky130_fd_sc_hd__inv_2/proxy1 = 1        |  sky130_fd_sc_hd__inv_2/proxyVGND = 1     
                                           |                                           
Net: dummy_67                              |Net: dummy_67                              
  sky130_fd_sc_hd__inv_2/proxy1 = 1        |  sky130_fd_sc_hd__inv_2/proxyVGND = 1     
                                           |                                           
Net: dummy_61                              |Net: dummy_61                              
  sky130_fd_sc_hd__inv_2/proxy1 = 1        |  sky130_fd_sc_hd__inv_2/proxyVGND = 1     
                                           |                                           
Net: dummy_55                              |Net: dummy_55                              
  sky130_fd_sc_hd__inv_2/proxy1 = 1        |  sky130_fd_sc_hd__inv_2/proxyVGND = 1     
                                           |                                           
Net: dummy_49                              |Net: dummy_49                              
  sky130_fd_sc_hd__inv_2/proxy1 = 1        |  sky130_fd_sc_hd__inv_2/proxyVGND = 1     
                                           |                                           
Net: dummy_43                              |Net: dummy_43                              
  sky130_fd_sc_hd__inv_2/proxy1 = 1        |  sky130_fd_sc_hd__inv_2/proxyVGND = 1     
                                           |                                           
Net: dummy_37                              |Net: dummy_37                              
  sky130_fd_sc_hd__inv_2/proxy1 = 1        |  sky130_fd_sc_hd__inv_2/proxyVGND = 1     
                                           |                                           
Net: dummy_31                              |Net: dummy_31                              
  sky130_fd_sc_hd__inv_2/proxy1 = 1        |  sky130_fd_sc_hd__inv_2/proxyVGND = 1     
                                           |                                           
Net: dummy_25                              |Net: dummy_25                              
  sky130_fd_sc_hd__inv_2/proxy1 = 1        |  sky130_fd_sc_hd__inv_2/proxyVGND = 1     
                                           |                                           
Net: dummy_72                              |Net: dummy_72                              
  sky130_fd_sc_hd__inv_2/proxy6 = 1        |  sky130_fd_sc_hd__inv_2/proxyA = 1        
                                           |                                           
Net: dummy_66                              |Net: dummy_66                              
  sky130_fd_sc_hd__inv_2/proxy6 = 1        |  sky130_fd_sc_hd__inv_2/proxyA = 1        
                                           |                                           
Net: dummy_60                              |Net: dummy_60                              
  sky130_fd_sc_hd__inv_2/proxy6 = 1        |  sky130_fd_sc_hd__inv_2/proxyA = 1        
                                           |                                           
Net: dummy_54                              |Net: dummy_54                              
  sky130_fd_sc_hd__inv_2/proxy6 = 1        |  sky130_fd_sc_hd__inv_2/proxyA = 1        
                                           |                                           
Net: dummy_48                              |Net: dummy_48                              
  sky130_fd_sc_hd__inv_2/proxy6 = 1        |  sky130_fd_sc_hd__inv_2/proxyA = 1        
                                           |                                           
Net: dummy_42                              |Net: dummy_42                              
  sky130_fd_sc_hd__inv_2/proxy6 = 1        |  sky130_fd_sc_hd__inv_2/proxyA = 1        
                                           |                                           
Net: dummy_36                              |Net: dummy_36                              
  sky130_fd_sc_hd__inv_2/proxy6 = 1        |  sky130_fd_sc_hd__inv_2/proxyA = 1        
                                           |                                           
Net: dummy_30                              |Net: dummy_30                              
  sky130_fd_sc_hd__inv_2/proxy6 = 1        |  sky130_fd_sc_hd__inv_2/proxyA = 1        
                                           |                                           
Net: dummy_78                              |Net: dummy_24                              
  sky130_fd_sc_hd__inv_2/proxy6 = 1        |  sky130_fd_sc_hd__inv_2/proxyA = 1        
                                           |                                           
Net: ctl_7_                                |Net: ctl_7_                                
  sky130_fd_sc_hd__inv_2/Y = 1             |  sky130_fd_sc_hd__inv_2/1 = 1             
                                           |                                           
Net: dum                                   |Net: dum                                   
  sky130_fd_sc_hd__inv_2/Y = 1             |  sky130_fd_sc_hd__inv_2/1 = 1             
                                           |                                           
Net: ctl_0_                                |Net: ctl_0_                                
  sky130_fd_sc_hd__inv_2/Y = 1             |  sky130_fd_sc_hd__inv_2/1 = 1             
                                           |                                           
Net: ctl_1_                                |Net: ctl_1_                                
  sky130_fd_sc_hd__inv_2/Y = 1             |  sky130_fd_sc_hd__inv_2/1 = 1             
                                           |                                           
Net: ctl_2_                                |Net: ctl_2_                                
  sky130_fd_sc_hd__inv_2/Y = 1             |  sky130_fd_sc_hd__inv_2/1 = 1             
                                           |                                           
Net: ctl_3_                                |Net: ctl_3_                                
  sky130_fd_sc_hd__inv_2/Y = 1             |  sky130_fd_sc_hd__inv_2/1 = 1             
                                           |                                           
Net: ctl_4_                                |Net: ctl_4_                                
  sky130_fd_sc_hd__inv_2/Y = 1             |  sky130_fd_sc_hd__inv_2/1 = 1             
                                           |                                           
Net: ctl_5_                                |Net: ctl_5_                                
  sky130_fd_sc_hd__inv_2/Y = 1             |  sky130_fd_sc_hd__inv_2/1 = 1             
                                           |                                           
Net: ctl_6_                                |Net: ctl_6_                                
  sky130_fd_sc_hd__inv_2/Y = 1             |  sky130_fd_sc_hd__inv_2/1 = 1             
---------------------------------------------------------------------------------------

---------------------------------------------------------------------------------------
Net: /sw_top_3/net1                        |Net: sw_top:swt3/net1                      
  sky130_fd_sc_hd__inv_4/Y = 1             |  sky130_fd_sc_hd__inv_4/6 = 1             
  sky130_fd_pr__nfet_01v8/2 = 1            |  sky130_fd_pr__nfet_01v8/2 = 1            
                                           |                                           
Net: /sw_top_2/net1                        |Net: sw_top:swt2/net1                      
  sky130_fd_sc_hd__inv_4/Y = 1             |  sky130_fd_sc_hd__inv_4/6 = 1             
  sky130_fd_pr__nfet_01v8/2 = 1            |  sky130_fd_pr__nfet_01v8/2 = 1            
                                           |                                           
Net: /sw_top_1/net1                        |Net: sw_top:swt1/net1                      
  sky130_fd_sc_hd__inv_4/Y = 1             |  sky130_fd_sc_hd__inv_4/6 = 1             
  sky130_fd_pr__nfet_01v8/2 = 1            |  sky130_fd_pr__nfet_01v8/2 = 1            
                                           |                                           
Net: /sw_top_0/net1                        |Net: sw_top:swt/net1                       
  sky130_fd_sc_hd__inv_4/Y = 1             |  sky130_fd_sc_hd__inv_4/6 = 1             
  sky130_fd_pr__nfet_01v8/2 = 1            |  sky130_fd_pr__nfet_01v8/2 = 1            
                                           |                                           
Net: carray_0/n7                           |Net: n7                                    
  sky130_fd_sc_hd__inv_2/A = 1             |  carray/n7 = 1                            
  carray/n7 = 1                            |  sky130_fd_sc_hd__inv_2/6 = 1             
                                           |                                           
Net: carray_0/n0                           |Net: n1                                    
  sky130_fd_sc_hd__inv_2/A = 1             |  carray/n1 = 1                            
  carray/n0 = 1                            |  sky130_fd_sc_hd__inv_2/6 = 1             
                                           |                                           
Net: carray_0/n3                           |Net: n3                                    
  sky130_fd_sc_hd__inv_2/A = 1             |  carray/n3 = 1                            
  carray/n3 = 1                            |  sky130_fd_sc_hd__inv_2/6 = 1             
                                           |                                           
Net: carray_0/n2                           |Net: ndum                                  
  sky130_fd_sc_hd__inv_2/A = 1             |  carray/ndum = 1                          
  carray/n2 = 1                            |  sky130_fd_sc_hd__inv_2/6 = 1             
                                           |                                           
Net: carray_0/n5                           |Net: n2                                    
  sky130_fd_sc_hd__inv_2/A = 1             |  carray/n2 = 1                            
  carray/n5 = 1                            |  sky130_fd_sc_hd__inv_2/6 = 1             
                                           |                                           
Net: carray_0/n4                           |Net: n4                                    
  sky130_fd_sc_hd__inv_2/A = 1             |  carray/n4 = 1                            
  carray/n4 = 1                            |  sky130_fd_sc_hd__inv_2/6 = 1             
                                           |                                           
Net: carray_0/n1                           |Net: n5                                    
  sky130_fd_sc_hd__inv_2/A = 1             |  carray/n5 = 1                            
  carray/n1 = 1                            |  sky130_fd_sc_hd__inv_2/6 = 1             
                                           |                                           
Net: carray_0/ndum                         |Net: n0                                    
  sky130_fd_sc_hd__inv_2/A = 1             |  carray/n0 = 1                            
  carray/ndum = 1                          |  sky130_fd_sc_hd__inv_2/6 = 1             
                                           |                                           
Net: carray_0/n6                           |Net: n6                                    
  sky130_fd_sc_hd__inv_2/A = 1             |  carray/n6 = 1                            
  carray/n6 = 1                            |  sky130_fd_sc_hd__inv_2/6 = 1             
---------------------------------------------------------------------------------------
DEVICE mismatches: Class fragments follow (with node fanout counts):
Circuit 1: dac                             |Circuit 2: dac                             

---------------------------------------------------------------------------------------
Instance: sw_top_0//sky130_fd_sc_hd__decap |Instance: sw_top:swt/sky130_fd_sc_hd__deca 
  VGND = 42                                |  proxyVGND = 1                            
  VNB = 42                                 |  proxyVNB = 1                             
  VPB = 33                                 |  proxyVPB = 1                             
  VPWR = 33                                |  proxyVPWR = 1                            
  proxy1 = 1                               |  1 = 42                                   
  proxy2 = 1                               |  2 = 42                                   
  proxy3 = 1                               |  3 = 42                                   
  proxy4 = 1                               |  4 = 42                                   
---------------------------------------------------------------------------------------

---------------------------------------------------------------------------------------
Instance: sw_top_3//sky130_fd_sc_hd__inv_4 |Instance: sw_top:swt3/sky130_fd_sc_hd__inv 
  A = 4                                    |  proxyA = 1                               
  VGND = 42                                |  proxyVGND = 1                            
  VNB = 42                                 |  proxyVNB = 1                             
  VPB = 33                                 |  proxyVPB = 1                             
  VPWR = 33                                |  proxyVPWR = 1                            
  Y = 3                                    |  proxyY = 1                               
  proxy1 = 1                               |  1 = 4                                    
  proxy2 = 1                               |  2 = 42                                   
  proxy3 = 1                               |  3 = 42                                   
  proxy4 = 1                               |  4 = 42                                   
  proxy5 = 1                               |  5 = 42                                   
  proxy6 = 1                               |  6 = 3                                    
                                           |                                           
Instance: sw_top_2//sky130_fd_sc_hd__inv_4 |Instance: sw_top:swt2/sky130_fd_sc_hd__inv 
  A = 4                                    |  proxyA = 1                               
  VGND = 42                                |  proxyVGND = 1                            
  VNB = 42                                 |  proxyVNB = 1                             
  VPB = 33                                 |  proxyVPB = 1                             
  VPWR = 33                                |  proxyVPWR = 1                            
  Y = 3                                    |  proxyY = 1                               
  proxy1 = 1                               |  1 = 4                                    
  proxy2 = 1                               |  2 = 42                                   
  proxy3 = 1                               |  3 = 42                                   
  proxy4 = 1                               |  4 = 42                                   
  proxy5 = 1                               |  5 = 42                                   
  proxy6 = 1                               |  6 = 3                                    
                                           |                                           
Instance: sw_top_1//sky130_fd_sc_hd__inv_4 |Instance: sw_top:swt1/sky130_fd_sc_hd__inv 
  A = 4                                    |  proxyA = 1                               
  VGND = 42                                |  proxyVGND = 1                            
  VNB = 42                                 |  proxyVNB = 1                             
  VPB = 33                                 |  proxyVPB = 1                             
  VPWR = 33                                |  proxyVPWR = 1                            
  Y = 3                                    |  proxyY = 1                               
  proxy1 = 1                               |  1 = 4                                    
  proxy2 = 1                               |  2 = 42                                   
  proxy3 = 1                               |  3 = 42                                   
  proxy4 = 1                               |  4 = 42                                   
  proxy5 = 1                               |  5 = 42                                   
  proxy6 = 1                               |  6 = 3                                    
                                           |                                           
Instance: sw_top_0//sky130_fd_sc_hd__inv_4 |Instance: sw_top:swt/sky130_fd_sc_hd__inv_ 
  A = 4                                    |  proxyA = 1                               
  VGND = 42                                |  proxyVGND = 1                            
  VNB = 42                                 |  proxyVNB = 1                             
  VPB = 33                                 |  proxyVPB = 1                             
  VPWR = 33                                |  proxyVPWR = 1                            
  Y = 3                                    |  proxyY = 1                               
  proxy1 = 1                               |  1 = 4                                    
  proxy2 = 1                               |  2 = 42                                   
  proxy3 = 1                               |  3 = 42                                   
  proxy4 = 1                               |  4 = 42                                   
  proxy5 = 1                               |  5 = 42                                   
  proxy6 = 1                               |  6 = 3                                    
                                           |                                           
Instance: sw_top_3//sky130_fd_sc_hd__inv_4 |Instance: sw_top:swt3/sky130_fd_sc_hd__inv 
  A = 3                                    |  proxyA = 1                               
  VGND = 42                                |  proxyVGND = 1                            
  VNB = 42                                 |  proxyVNB = 1                             
  VPB = 33                                 |  proxyVPB = 1                             
  VPWR = 33                                |  proxyVPWR = 1                            
  Y = 2                                    |  proxyY = 1                               
  proxy1 = 1                               |  1 = 3                                    
  proxy2 = 1                               |  2 = 42                                   
  proxy3 = 1                               |  3 = 42                                   
  proxy4 = 1                               |  4 = 42                                   
  proxy5 = 1                               |  5 = 42                                   
  proxy6 = 1                               |  6 = 2                                    
                                           |                                           
Instance: sw_top_2//sky130_fd_sc_hd__inv_4 |Instance: sw_top:swt2/sky130_fd_sc_hd__inv 
  A = 3                                    |  proxyA = 1                               
  VGND = 42                                |  proxyVGND = 1                            
  VNB = 42                                 |  proxyVNB = 1                             
  VPB = 33                                 |  proxyVPB = 1                             
  VPWR = 33                                |  proxyVPWR = 1                            
  Y = 2                                    |  proxyY = 1                               
  proxy1 = 1                               |  1 = 3                                    
  proxy2 = 1                               |  2 = 42                                   
  proxy3 = 1                               |  3 = 42                                   
  proxy4 = 1                               |  4 = 42                                   
  proxy5 = 1                               |  5 = 42                                   
  proxy6 = 1                               |  6 = 2                                    
                                           |                                           
Instance: sw_top_1//sky130_fd_sc_hd__inv_4 |Instance: sw_top:swt1/sky130_fd_sc_hd__inv 
  A = 3                                    |  proxyA = 1                               
  VGND = 42                                |  proxyVGND = 1                            
  VNB = 42                                 |  proxyVNB = 1                             
  VPB = 33                                 |  proxyVPB = 1                             
  VPWR = 33                                |  proxyVPWR = 1                            
  Y = 2                                    |  proxyY = 1                               
  proxy1 = 1                               |  1 = 3                                    
  proxy2 = 1                               |  2 = 42                                   
  proxy3 = 1                               |  3 = 42                                   
  proxy4 = 1                               |  4 = 42                                   
  proxy5 = 1                               |  5 = 42                                   
  proxy6 = 1                               |  6 = 2                                    
                                           |                                           
Instance: sw_top_0//sky130_fd_sc_hd__inv_4 |Instance: sw_top:swt/sky130_fd_sc_hd__inv_ 
  A = 3                                    |  proxyA = 1                               
  VGND = 42                                |  proxyVGND = 1                            
  VNB = 42                                 |  proxyVNB = 1                             
  VPB = 33                                 |  proxyVPB = 1                             
  VPWR = 33                                |  proxyVPWR = 1                            
  Y = 2                                    |  proxyY = 1                               
  proxy1 = 1                               |  1 = 3                                    
  proxy2 = 1                               |  2 = 42                                   
  proxy3 = 1                               |  3 = 42                                   
  proxy4 = 1                               |  4 = 42                                   
  proxy5 = 1                               |  5 = 42                                   
  proxy6 = 1                               |  6 = 2                                    
---------------------------------------------------------------------------------------

---------------------------------------------------------------------------------------
Instance: sw_top_0//sky130_fd_sc_hd__decap |Instance: sw_top:swt/sky130_fd_sc_hd__deca 
  VGND = 42                                |  proxyVGND = 1                            
  VNB = 42                                 |  proxyVNB = 1                             
  VPB = 33                                 |  proxyVPB = 1                             
  VPWR = 33                                |  proxyVPWR = 1                            
  proxy1 = 1                               |  1 = 42                                   
  proxy2 = 1                               |  2 = 42                                   
  proxy3 = 1                               |  3 = 42                                   
  proxy4 = 1                               |  4 = 42                                   
---------------------------------------------------------------------------------------

---------------------------------------------------------------------------------------
Instance: sky130_fd_sc_hd__inv_2_9         |Instance: sky130_fd_sc_hd__inv_2:i7        
  A = 2                                    |  proxyA = 1                               
  VGND = 42                                |  proxyVGND = 1                            
  VNB = 42                                 |  proxyVNB = 1                             
  VPB = 9                                  |  proxyVPB = 1                             
  VPWR = 33                                |  proxyVPWR = 1                            
  Y = 1                                    |  proxyY = 1                               
  proxy1 = 1                               |  1 = 1                                    
  proxy2 = 1                               |  2 = 42                                   
  proxy3 = 1                               |  3 = 42                                   
  proxy4 = 1                               |  4 = 42                                   
  proxy5 = 1                               |  5 = 42                                   
  proxy6 = 1                               |  6 = 2                                    
                                           |                                           
Instance: sky130_fd_sc_hd__inv_2_8         |Instance: sky130_fd_sc_hd__inv_2:idum      
  A = 2                                    |  proxyA = 1                               
  VGND = 42                                |  proxyVGND = 1                            
  VNB = 42                                 |  proxyVNB = 1                             
  VPB = 9                                  |  proxyVPB = 1                             
  VPWR = 33                                |  proxyVPWR = 1                            
  Y = 1                                    |  proxyY = 1                               
  proxy1 = 1                               |  1 = 1                                    
  proxy2 = 1                               |  2 = 42                                   
  proxy3 = 1                               |  3 = 42                                   
  proxy4 = 1                               |  4 = 42                                   
  proxy5 = 1                               |  5 = 42                                   
  proxy6 = 1                               |  6 = 2                                    
                                           |                                           
Instance: sky130_fd_sc_hd__inv_2_7         |Instance: sky130_fd_sc_hd__inv_2:i0        
  A = 2                                    |  proxyA = 1                               
  VGND = 42                                |  proxyVGND = 1                            
  VNB = 42                                 |  proxyVNB = 1                             
  VPB = 9                                  |  proxyVPB = 1                             
  VPWR = 33                                |  proxyVPWR = 1                            
  Y = 1                                    |  proxyY = 1                               
  proxy1 = 1                               |  1 = 1                                    
  proxy2 = 1                               |  2 = 42                                   
  proxy3 = 1                               |  3 = 42                                   
  proxy4 = 1                               |  4 = 42                                   
  proxy5 = 1                               |  5 = 42                                   
  proxy6 = 1                               |  6 = 2                                    
                                           |                                           
Instance: sky130_fd_sc_hd__inv_2_6         |Instance: sky130_fd_sc_hd__inv_2:i1        
  A = 2                                    |  proxyA = 1                               
  VGND = 42                                |  proxyVGND = 1                            
  VNB = 42                                 |  proxyVNB = 1                             
  VPB = 9                                  |  proxyVPB = 1                             
  VPWR = 33                                |  proxyVPWR = 1                            
  Y = 1                                    |  proxyY = 1                               
  proxy1 = 1                               |  1 = 1                                    
  proxy2 = 1                               |  2 = 42                                   
  proxy3 = 1                               |  3 = 42                                   
  proxy4 = 1                               |  4 = 42                                   
  proxy5 = 1                               |  5 = 42                                   
  proxy6 = 1                               |  6 = 2                                    
                                           |                                           
Instance: sky130_fd_sc_hd__inv_2_5         |Instance: sky130_fd_sc_hd__inv_2:i2        
  A = 2                                    |  proxyA = 1                               
  VGND = 42                                |  proxyVGND = 1                            
  VNB = 42                                 |  proxyVNB = 1                             
  VPB = 9                                  |  proxyVPB = 1                             
  VPWR = 33                                |  proxyVPWR = 1                            
  Y = 1                                    |  proxyY = 1                               
  proxy1 = 1                               |  1 = 1                                    
  proxy2 = 1                               |  2 = 42                                   
  proxy3 = 1                               |  3 = 42                                   
  proxy4 = 1                               |  4 = 42                                   
  proxy5 = 1                               |  5 = 42                                   
  proxy6 = 1                               |  6 = 2                                    
                                           |                                           
Instance: sky130_fd_sc_hd__inv_2_4         |Instance: sky130_fd_sc_hd__inv_2:i3        
  A = 2                                    |  proxyA = 1                               
  VGND = 42                                |  proxyVGND = 1                            
  VNB = 42                                 |  proxyVNB = 1                             
  VPB = 9                                  |  proxyVPB = 1                             
  VPWR = 33                                |  proxyVPWR = 1                            
  Y = 1                                    |  proxyY = 1                               
  proxy1 = 1                               |  1 = 1                                    
  proxy2 = 1                               |  2 = 42                                   
  proxy3 = 1                               |  3 = 42                                   
  proxy4 = 1                               |  4 = 42                                   
  proxy5 = 1                               |  5 = 42                                   
  proxy6 = 1                               |  6 = 2                                    
                                           |                                           
Instance: sky130_fd_sc_hd__inv_2_3         |Instance: sky130_fd_sc_hd__inv_2:i4        
  A = 2                                    |  proxyA = 1                               
  VGND = 42                                |  proxyVGND = 1                            
  VNB = 42                                 |  proxyVNB = 1                             
  VPB = 9                                  |  proxyVPB = 1                             
  VPWR = 33                                |  proxyVPWR = 1                            
  Y = 1                                    |  proxyY = 1                               
  proxy1 = 1                               |  1 = 1                                    
  proxy2 = 1                               |  2 = 42                                   
  proxy3 = 1                               |  3 = 42                                   
  proxy4 = 1                               |  4 = 42                                   
  proxy5 = 1                               |  5 = 42                                   
  proxy6 = 1                               |  6 = 2                                    
                                           |                                           
Instance: sky130_fd_sc_hd__inv_2_2         |Instance: sky130_fd_sc_hd__inv_2:i5        
  A = 2                                    |  proxyA = 1                               
  VGND = 42                                |  proxyVGND = 1                            
  VNB = 42                                 |  proxyVNB = 1                             
  VPB = 9                                  |  proxyVPB = 1                             
  VPWR = 33                                |  proxyVPWR = 1                            
  Y = 1                                    |  proxyY = 1                               
  proxy1 = 1                               |  1 = 1                                    
  proxy2 = 1                               |  2 = 42                                   
  proxy3 = 1                               |  3 = 42                                   
  proxy4 = 1                               |  4 = 42                                   
  proxy5 = 1                               |  5 = 42                                   
  proxy6 = 1                               |  6 = 2                                    
                                           |                                           
Instance: sky130_fd_sc_hd__inv_2_0         |Instance: sky130_fd_sc_hd__inv_2:i6        
  A = 2                                    |  proxyA = 1                               
  VGND = 42                                |  proxyVGND = 1                            
  VNB = 42                                 |  proxyVNB = 1                             
  VPB = 9                                  |  proxyVPB = 1                             
  VPWR = 33                                |  proxyVPWR = 1                            
  Y = 1                                    |  proxyY = 1                               
  proxy1 = 1                               |  1 = 1                                    
  proxy2 = 1                               |  2 = 42                                   
  proxy3 = 1                               |  3 = 42                                   
  proxy4 = 1                               |  4 = 42                                   
  proxy5 = 1                               |  5 = 42                                   
  proxy6 = 1                               |  6 = 2                                    
---------------------------------------------------------------------------------------
Netlists do not match.

Subcircuit pins:
Circuit 1: dac                             |Circuit 2: dac                             
-------------------------------------------|-------------------------------------------
vss                                        |vss                                        
Cell pin lists are equivalent.
Device classes dac and dac are equivalent.

Final result: Netlists do not match.
