
Circuit 1 cell sky130_fd_pr__nfet_01v8_lvt and Circuit 2 cell sky130_fd_pr__nfet_01v8_lvt are black boxes.
Equate elements:  no current cell.
Device classes sky130_fd_pr__nfet_01v8_lvt and sky130_fd_pr__nfet_01v8_lvt are equivalent.
Flattening unmatched subcell trim_sw in circuit trim (0)(1 instance)
Flattening unmatched subcell M1_1 in circuit trim (0)(16 instances)
Flattening unmatched subcell trimcap in circuit trim (1)(16 instances)

Cell trim (0) disconnected node: drain
Class trim (0):  Merged 11 parallel devices.
Class trim (1):  Merged 11 parallel devices.
Cell trim (0) disconnected node: drain
Subcircuit summary:
Circuit 1: trim                            |Circuit 2: trim                            
-------------------------------------------|-------------------------------------------
sky130_fd_pr__nfet_01v8_lvt (16->5)        |sky130_fd_pr__nfet_01v8_lvt (16->5)        
(no matching element)                      |c (16)                                     
Number of devices: 5 **Mismatch**          |Number of devices: 21 **Mismatch**         
Number of nets: 11 **Mismatch**            |Number of nets: 12 **Mismatch**            
---------------------------------------------------------------------------------------
NET mismatches: Class fragments follow (with fanout counts):
Circuit 1: trim                            |Circuit 2: trim                            

---------------------------------------------------------------------------------------
Net: trim_sw_0/d_0                         |Net: d_4_                                  
  sky130_fd_pr__nfet_01v8_lvt/2 = 1        |  sky130_fd_pr__nfet_01v8_lvt/2 = 1        
                                           |                                           
Net: trim_sw_0/d_1                         |Net: d_3_                                  
  sky130_fd_pr__nfet_01v8_lvt/2 = 1        |  sky130_fd_pr__nfet_01v8_lvt/2 = 1        
                                           |                                           
Net: trim_sw_0/d_2                         |Net: d_2_                                  
  sky130_fd_pr__nfet_01v8_lvt/2 = 1        |  sky130_fd_pr__nfet_01v8_lvt/2 = 1        
                                           |                                           
Net: trim_sw_0/d_3                         |Net: drain                                 
  sky130_fd_pr__nfet_01v8_lvt/2 = 1        |  c/top = 16                               
                                           |                                           
Net: n4                                    |Net: n4                                    
  sky130_fd_pr__nfet_01v8_lvt/(1|3) = 1    |  sky130_fd_pr__nfet_01v8_lvt/(1|3) = 1    
                                           |  c/bottom = 8                             
                                           |                                           
Net: n3                                    |Net: n3                                    
  sky130_fd_pr__nfet_01v8_lvt/(1|3) = 1    |  sky130_fd_pr__nfet_01v8_lvt/(1|3) = 1    
                                           |  c/bottom = 4                             
                                           |                                           
Net: n2                                    |Net: n2                                    
  sky130_fd_pr__nfet_01v8_lvt/(1|3) = 1    |  sky130_fd_pr__nfet_01v8_lvt/(1|3) = 1    
                                           |  c/bottom = 2                             
                                           |                                           
Net: n1                                    |(no matching net)                          
  sky130_fd_pr__nfet_01v8_lvt/(1|3) = 1    |                                           
                                           |                                           
Net: trim_sw_0/d_4                         |(no matching net)                          
  sky130_fd_pr__nfet_01v8_lvt/2 = 1        |                                           
                                           |                                           
Net: n0                                    |(no matching net)                          
  sky130_fd_pr__nfet_01v8_lvt/(1|3) = 1    |                                           
---------------------------------------------------------------------------------------

---------------------------------------------------------------------------------------
Net: VSUBS                                 |Net: vss                                   
  sky130_fd_pr__nfet_01v8_lvt/(1|3) = 5    |  sky130_fd_pr__nfet_01v8_lvt/(1|3) = 5    
  sky130_fd_pr__nfet_01v8_lvt/4 = 5        |  sky130_fd_pr__nfet_01v8_lvt/4 = 5        
---------------------------------------------------------------------------------------
DEVICE mismatches: Class fragments follow (with node fanout counts):
Circuit 1: trim                            |Circuit 2: trim                            

---------------------------------------------------------------------------------------
(no matching instance)                     |Instance: trimcap:4_7_/c:1                 
                                           |  top = 16                                 
                                           |  bottom = 9                               
                                           |                                           
(no matching instance)                     |Instance: trimcap:4_6_/c:1                 
                                           |  top = 16                                 
                                           |  bottom = 9                               
                                           |                                           
(no matching instance)                     |Instance: trimcap:4_5_/c:1                 
                                           |  top = 16                                 
                                           |  bottom = 9                               
                                           |                                           
(no matching instance)                     |Instance: trimcap:4_4_/c:1                 
                                           |  top = 16                                 
                                           |  bottom = 9                               
                                           |                                           
(no matching instance)                     |Instance: trimcap:4_3_/c:1                 
                                           |  top = 16                                 
                                           |  bottom = 9                               
                                           |                                           
(no matching instance)                     |Instance: trimcap:4_2_/c:1                 
                                           |  top = 16                                 
                                           |  bottom = 9                               
                                           |                                           
(no matching instance)                     |Instance: trimcap:4_1_/c:1                 
                                           |  top = 16                                 
                                           |  bottom = 9                               
                                           |                                           
(no matching instance)                     |Instance: trimcap:4_0_/c:1                 
                                           |  top = 16                                 
                                           |  bottom = 9                               
                                           |                                           
(no matching instance)                     |Instance: trimcap:3_3_/c:1                 
                                           |  top = 16                                 
                                           |  bottom = 5                               
                                           |                                           
(no matching instance)                     |Instance: trimcap:3_2_/c:1                 
                                           |  top = 16                                 
                                           |  bottom = 5                               
                                           |                                           
(no matching instance)                     |Instance: trimcap:3_1_/c:1                 
                                           |  top = 16                                 
                                           |  bottom = 5                               
                                           |                                           
(no matching instance)                     |Instance: trimcap:3_0_/c:1                 
                                           |  top = 16                                 
                                           |  bottom = 5                               
                                           |                                           
(no matching instance)                     |Instance: trimcap:2_1_/c:1                 
                                           |  top = 16                                 
                                           |  bottom = 3                               
                                           |                                           
(no matching instance)                     |Instance: trimcap:2_0_/c:1                 
                                           |  top = 16                                 
                                           |  bottom = 3                               
---------------------------------------------------------------------------------------

---------------------------------------------------------------------------------------
Instance: trim_sw_0//M1_1_10/sky130_fd_pr_ |Instance: sky130_fd_pr__nfet_01v8_lvt:M2_1 
  (1,3) = (10,1)                           |  (1,3) = (10,3)                           
  2 = 1                                    |  2 = 1                                    
  4 = 10                                   |  4 = 10                                   
                                           |                                           
Instance: trim_sw_0//M1_1_9/sky130_fd_pr__ |Instance: sky130_fd_pr__nfet_01v8_lvt:M3_3 
  (1,3) = (10,1)                           |  (1,3) = (10,5)                           
  2 = 1                                    |  2 = 1                                    
  4 = 10                                   |  4 = 10                                   
                                           |                                           
Instance: trim_sw_0//M1_1_1/sky130_fd_pr__ |Instance: sky130_fd_pr__nfet_01v8_lvt:M4_7 
  (1,3) = (10,1)                           |  (1,3) = (10,9)                           
  2 = 1                                    |  2 = 1                                    
  4 = 10                                   |  4 = 10                                   
                                           |                                           
Instance: trim_sw_0//M1_1_0/sky130_fd_pr__ |(no matching instance)                     
  (1,3) = (10,1)                           |                                           
  2 = 1                                    |                                           
  4 = 10                                   |                                           
                                           |                                           
                                           |                                           
Instance: trim_sw_0//M1_1_14/sky130_fd_pr_ |(no matching instance)                     
  (1,3) = (10,1)                           |                                           
  2 = 1                                    |                                           
  4 = 10                                   |                                           
                                           |                                           
---------------------------------------------------------------------------------------
Netlists do not match.

Subcircuit pins:
Circuit 1: trim                            |Circuit 2: trim                            
-------------------------------------------|-------------------------------------------
trim_sw_0/d_0                              |d_4_ **Mismatch**                          
trim_sw_0/d_1                              |d_3_ **Mismatch**                          
trim_sw_0/d_2                              |d_2_ **Mismatch**                          
trim_sw_0/d_3                              |drain **Mismatch**                         
trim_sw_0/d_4                              |(no matching pin)                          
n1                                         |(no matching pin)                          
n4                                         |(no matching pin)                          
Cell pin lists are equivalent.
Device classes trim and trim are equivalent.

Final result: Netlists do not match.
