
Circuit 1 cell sky130_fd_pr__cap_mim_m3_1 and Circuit 2 cell sky130_fd_pr__cap_mim_m3_1 are black boxes.
Warning: Equate pins:  cell sky130_fd_pr__cap_mim_m3_1 is a placeholder, treated as a black box.
Warning: Equate pins:  cell sky130_fd_pr__cap_mim_m3_1 is a placeholder, treated as a black box.

Subcircuit pins:
Circuit 1: sky130_fd_pr__cap_mim_m3_1      |Circuit 2: sky130_fd_pr__cap_mim_m3_1      
-------------------------------------------|-------------------------------------------
1                                          |1                                          
2                                          |2                                          
---------------------------------------------------------------------------------------
Cell pin lists are equivalent.
Device classes sky130_fd_pr__cap_mim_m3_1 and sky130_fd_pr__cap_mim_m3_1 are equivalent.

Circuit 1 cell sky130_fd_pr__nfet_01v8_lvt and Circuit 2 cell sky130_fd_pr__nfet_01v8_lvt are black boxes.
Warning: Equate pins:  cell sky130_fd_pr__nfet_01v8_lvt is a placeholder, treated as a black box.
Warning: Equate pins:  cell sky130_fd_pr__nfet_01v8_lvt is a placeholder, treated as a black box.

Subcircuit pins:
Circuit 1: sky130_fd_pr__nfet_01v8_lvt     |Circuit 2: sky130_fd_pr__nfet_01v8_lvt     
-------------------------------------------|-------------------------------------------
1                                          |1                                          
2                                          |2                                          
3                                          |3                                          
4                                          |4                                          
---------------------------------------------------------------------------------------
Cell pin lists are equivalent.
Device classes sky130_fd_pr__nfet_01v8_lvt and sky130_fd_pr__nfet_01v8_lvt are equivalent.

Circuit 1 cell sky130_fd_pr__pfet_01v8 and Circuit 2 cell sky130_fd_pr__pfet_01v8 are black boxes.
Warning: Equate pins:  cell sky130_fd_pr__pfet_01v8 is a placeholder, treated as a black box.
Warning: Equate pins:  cell sky130_fd_pr__pfet_01v8 is a placeholder, treated as a black box.

Subcircuit pins:
Circuit 1: sky130_fd_pr__pfet_01v8         |Circuit 2: sky130_fd_pr__pfet_01v8         
-------------------------------------------|-------------------------------------------
1                                          |1                                          
2                                          |2                                          
3                                          |3                                          
4                                          |4                                          
---------------------------------------------------------------------------------------
Cell pin lists are equivalent.
Device classes sky130_fd_pr__pfet_01v8 and sky130_fd_pr__pfet_01v8 are equivalent.

Circuit 1 cell sky130_fd_pr__nfet_01v8 and Circuit 2 cell sky130_fd_pr__nfet_01v8 are black boxes.
Warning: Equate pins:  cell sky130_fd_pr__nfet_01v8 is a placeholder, treated as a black box.
Warning: Equate pins:  cell sky130_fd_pr__nfet_01v8 is a placeholder, treated as a black box.

Subcircuit pins:
Circuit 1: sky130_fd_pr__nfet_01v8         |Circuit 2: sky130_fd_pr__nfet_01v8         
-------------------------------------------|-------------------------------------------
1                                          |1                                          
2                                          |2                                          
3                                          |3                                          
4                                          |4                                          
---------------------------------------------------------------------------------------
Cell pin lists are equivalent.
Device classes sky130_fd_pr__nfet_01v8 and sky130_fd_pr__nfet_01v8 are equivalent.
Flattening unmatched subcell trim in circuit comparator (1)(2 instances)
Flattening unmatched subcell trimcap in circuit comparator (1)(32 instances)

Class comparator (0):  Merged 23 parallel devices.
Class comparator (1):  Merged 44 parallel devices.
Subcircuit summary:
Circuit 1: comparator                      |Circuit 2: comparator                      
-------------------------------------------|-------------------------------------------
sky130_fd_pr__pfet_01v8 (6)                |sky130_fd_pr__pfet_01v8 (6)                
sky130_fd_pr__nfet_01v8_lvt (10)           |sky130_fd_pr__nfet_01v8_lvt (32->10)       
sky130_fd_pr__cap_mim_m3_1 (32->10)        |sky130_fd_pr__cap_mim_m3_1 (32->10)        
sky130_fd_pr__nfet_01v8 (6->5)             |sky130_fd_pr__nfet_01v8 (6->5)             
Number of devices: 31                      |Number of devices: 31                      
Number of nets: 36 **Mismatch**            |Number of nets: 30 **Mismatch**            
---------------------------------------------------------------------------------------
NET mismatches: Class fragments follow (with fanout counts):
Circuit 1: comparator                      |Circuit 2: comparator                      

---------------------------------------------------------------------------------------
Net: vdd                                   |Net: vdd                                   
  sky130_fd_pr__pfet_01v8/(1|3) = 6        |  sky130_fd_pr__pfet_01v8/(1|3) = 6        
                                           |  sky130_fd_pr__pfet_01v8/4 = 6            
---------------------------------------------------------------------------------------

---------------------------------------------------------------------------------------
Net: trimb0                                |Net: trimb_0_                              
  sky130_fd_pr__nfet_01v8_lvt/2 = 1        |  sky130_fd_pr__nfet_01v8_lvt/2 = 1        
                                           |                                           
Net: trim1                                 |Net: trimb_1_                              
  sky130_fd_pr__nfet_01v8_lvt/2 = 1        |  sky130_fd_pr__nfet_01v8_lvt/2 = 1        
                                           |                                           
Net: trimb2                                |Net: trimb_2_                              
  sky130_fd_pr__nfet_01v8_lvt/2 = 1        |  sky130_fd_pr__nfet_01v8_lvt/2 = 1        
                                           |                                           
Net: trimb1                                |Net: trimb_3_                              
  sky130_fd_pr__nfet_01v8_lvt/2 = 1        |  sky130_fd_pr__nfet_01v8_lvt/2 = 1        
                                           |                                           
Net: trimb3                                |Net: trimb_4_                              
  sky130_fd_pr__nfet_01v8_lvt/2 = 1        |  sky130_fd_pr__nfet_01v8_lvt/2 = 1        
                                           |                                           
Net: trim0                                 |Net: trim_0_                               
  sky130_fd_pr__nfet_01v8_lvt/2 = 1        |  sky130_fd_pr__nfet_01v8_lvt/2 = 1        
                                           |                                           
Net: trim2                                 |Net: trim_1_                               
  sky130_fd_pr__nfet_01v8_lvt/2 = 1        |  sky130_fd_pr__nfet_01v8_lvt/2 = 1        
                                           |                                           
Net: trim3                                 |Net: trim_2_                               
  sky130_fd_pr__nfet_01v8_lvt/2 = 1        |  sky130_fd_pr__nfet_01v8_lvt/2 = 1        
                                           |                                           
(no matching net)                          |Net: trim_3_                               
                                           |  sky130_fd_pr__nfet_01v8_lvt/2 = 1        
                                           |                                           
(no matching net)                          |Net: trim_4_                               
                                           |  sky130_fd_pr__nfet_01v8_lvt/2 = 1        
---------------------------------------------------------------------------------------

---------------------------------------------------------------------------------------
Net: diff                                  |Net: diff                                  
  sky130_fd_pr__nfet_01v8/(1|3) = 3        |  sky130_fd_pr__nfet_01v8/(1|3) = 3        
---------------------------------------------------------------------------------------

---------------------------------------------------------------------------------------
Net: vss                                   |Net: vss                                   
  sky130_fd_pr__nfet_01v8_lvt/(1|3) = 10   |  sky130_fd_pr__nfet_01v8_lvt/(1|3) = 10   
  sky130_fd_pr__nfet_01v8_lvt/4 = 10       |  sky130_fd_pr__nfet_01v8_lvt/4 = 10       
  sky130_fd_pr__nfet_01v8/(1|3) = 1        |  sky130_fd_pr__nfet_01v8/(1|3) = 1        
  sky130_fd_pr__nfet_01v8/4 = 5            |  sky130_fd_pr__nfet_01v8/4 = 5            
---------------------------------------------------------------------------------------

---------------------------------------------------------------------------------------
Net: trim_1.sky130_fd_pr__nfet_01v8_lvt_3. |Net: trim:3/n0                             
  sky130_fd_pr__nfet_01v8_lvt/(1|3) = 1    |  sky130_fd_pr__cap_mim_m3_1/2 = 1         
  sky130_fd_pr__cap_mim_m3_1/2 = 1         |  sky130_fd_pr__nfet_01v8_lvt/(1|3) = 1    
                                           |                                           
Net: trim_0.sky130_fd_pr__nfet_01v8_lvt_1. |Net: trim:3/n1                             
  sky130_fd_pr__cap_mim_m3_1/2 = 1         |  sky130_fd_pr__cap_mim_m3_1/2 = 1         
  sky130_fd_pr__nfet_01v8_lvt/(1|3) = 1    |  sky130_fd_pr__nfet_01v8_lvt/(1|3) = 1    
                                           |                                           
Net: trim_0.sky130_fd_pr__nfet_01v8_lvt_3. |Net: trim:3/n2                             
  sky130_fd_pr__nfet_01v8_lvt/(1|3) = 1    |  sky130_fd_pr__cap_mim_m3_1/2 = 1         
  sky130_fd_pr__cap_mim_m3_1/2 = 1         |  sky130_fd_pr__nfet_01v8_lvt/(1|3) = 1    
                                           |                                           
Net: trim_0.sky130_fd_pr__nfet_01v8_lvt_4. |Net: trim:3/n3                             
  sky130_fd_pr__nfet_01v8_lvt/(1|3) = 1    |  sky130_fd_pr__cap_mim_m3_1/2 = 1         
  sky130_fd_pr__cap_mim_m3_1/2 = 1         |  sky130_fd_pr__nfet_01v8_lvt/(1|3) = 1    
                                           |                                           
Net: trim_0.sky130_fd_pr__nfet_01v8_lvt_0. |Net: trim:3/n4                             
  sky130_fd_pr__cap_mim_m3_1/2 = 1         |  sky130_fd_pr__cap_mim_m3_1/2 = 1         
  sky130_fd_pr__nfet_01v8_lvt/(1|3) = 1    |  sky130_fd_pr__nfet_01v8_lvt/(1|3) = 1    
                                           |                                           
Net: trim_1.sky130_fd_pr__nfet_01v8_lvt_1. |Net: trim:2/n0                             
  sky130_fd_pr__cap_mim_m3_1/2 = 1         |  sky130_fd_pr__cap_mim_m3_1/2 = 1         
  sky130_fd_pr__nfet_01v8_lvt/(1|3) = 1    |  sky130_fd_pr__nfet_01v8_lvt/(1|3) = 1    
                                           |                                           
Net: trim_1.sky130_fd_pr__nfet_01v8_lvt_0. |Net: trim:2/n1                             
  sky130_fd_pr__nfet_01v8_lvt/(1|3) = 1    |  sky130_fd_pr__cap_mim_m3_1/2 = 1         
  sky130_fd_pr__cap_mim_m3_1/2 = 1         |  sky130_fd_pr__nfet_01v8_lvt/(1|3) = 1    
                                           |                                           
Net: trim_1.sky130_fd_pr__nfet_01v8_lvt_4. |Net: trim:2/n2                             
  sky130_fd_pr__nfet_01v8_lvt/(1|3) = 1    |  sky130_fd_pr__cap_mim_m3_1/2 = 1         
  sky130_fd_pr__cap_mim_m3_1/2 = 1         |  sky130_fd_pr__nfet_01v8_lvt/(1|3) = 1    
                                           |                                           
(no matching net)                          |Net: trim:2/n3                             
                                           |  sky130_fd_pr__cap_mim_m3_1/2 = 1         
                                           |  sky130_fd_pr__nfet_01v8_lvt/(1|3) = 1    
                                           |                                           
(no matching net)                          |Net: trim:2/n4                             
                                           |  sky130_fd_pr__cap_mim_m3_1/2 = 1         
                                           |  sky130_fd_pr__nfet_01v8_lvt/(1|3) = 1    
---------------------------------------------------------------------------------------

---------------------------------------------------------------------------------------
Net: clk                                   |Net: clk                                   
  sky130_fd_pr__pfet_01v8/2 = 4            |  sky130_fd_pr__pfet_01v8/2 = 4            
  sky130_fd_pr__nfet_01v8/2 = 1            |  sky130_fd_pr__nfet_01v8/2 = 1            
---------------------------------------------------------------------------------------
DEVICE mismatches: Class fragments follow (with node fanout counts):
Circuit 1: comparator                      |Circuit 2: comparator                      

---------------------------------------------------------------------------------------
Instance: sky130_fd_pr__cap_mim_m3_1:48    |Instance: trim:3/trimcap:0/sky130_fd_pr__c 
  1 = 8                                    |  1 = 8                                    
  2 = 2                                    |  2 = 2                                    
                                           |                                           
Instance: sky130_fd_pr__cap_mim_m3_1:26    |Instance: trim:3/trimcap:1/sky130_fd_pr__c 
  1 = 8                                    |  1 = 8                                    
  2 = 2                                    |  2 = 2                                    
                                           |                                           
Instance: sky130_fd_pr__cap_mim_m3_1:22    |Instance: trim:3/trimcap:2_1_/sky130_fd_pr 
  1 = 8                                    |  1 = 8                                    
  2 = 2                                    |  2 = 2                                    
                                           |                                           
Instance: sky130_fd_pr__cap_mim_m3_1:20    |Instance: trim:3/trimcap:3_3_/sky130_fd_pr 
  1 = 8                                    |  1 = 8                                    
  2 = 2                                    |  2 = 2                                    
                                           |                                           
Instance: sky130_fd_pr__cap_mim_m3_1:12    |Instance: trim:3/trimcap:4_7_/sky130_fd_pr 
  1 = 8                                    |  1 = 8                                    
  2 = 2                                    |  2 = 2                                    
                                           |                                           
Instance: sky130_fd_pr__cap_mim_m3_1:9     |Instance: trim:2/trimcap:0/sky130_fd_pr__c 
  1 = 8                                    |  1 = 8                                    
  2 = 2                                    |  2 = 2                                    
                                           |                                           
Instance: sky130_fd_pr__cap_mim_m3_1:7     |Instance: trim:2/trimcap:1/sky130_fd_pr__c 
  1 = 8                                    |  1 = 8                                    
  2 = 2                                    |  2 = 2                                    
                                           |                                           
Instance: sky130_fd_pr__cap_mim_m3_1:4     |Instance: trim:2/trimcap:2_1_/sky130_fd_pr 
  1 = 8                                    |  1 = 8                                    
  2 = 2                                    |  2 = 2                                    
                                           |                                           
(no matching instance)                     |Instance: trim:2/trimcap:3_3_/sky130_fd_pr 
                                           |  1 = 8                                    
                                           |  2 = 2                                    
                                           |                                           
(no matching instance)                     |Instance: trim:2/trimcap:4_7_/sky130_fd_pr 
                                           |  1 = 8                                    
                                           |  2 = 2                                    
---------------------------------------------------------------------------------------

---------------------------------------------------------------------------------------
Instance: sky130_fd_pr__nfet_01v8_lvt:1    |Instance: trim:2/sky130_fd_pr__nfet_01v8_l 
  (1,3) = (26,2)                           |  (1,3) = (26,2)                           
  2 = 1                                    |  2 = 1                                    
  4 = 26                                   |  4 = 26                                   
                                           |                                           
Instance: sky130_fd_pr__nfet_01v8_lvt:2    |Instance: trim:2/sky130_fd_pr__nfet_01v8_l 
  (1,3) = (26,2)                           |  (1,3) = (26,2)                           
  2 = 1                                    |  2 = 1                                    
  4 = 26                                   |  4 = 26                                   
                                           |                                           
Instance: sky130_fd_pr__nfet_01v8_lvt:6    |Instance: trim:2/sky130_fd_pr__nfet_01v8_l 
  (1,3) = (26,2)                           |  (1,3) = (26,2)                           
  2 = 1                                    |  2 = 1                                    
  4 = 26                                   |  4 = 26                                   
                                           |                                           
Instance: sky130_fd_pr__nfet_01v8_lvt:8    |Instance: trim:2/sky130_fd_pr__nfet_01v8_l 
  (1,3) = (26,2)                           |  (1,3) = (26,2)                           
  2 = 1                                    |  2 = 1                                    
  4 = 26                                   |  4 = 26                                   
                                           |                                           
Instance: sky130_fd_pr__nfet_01v8_lvt:17   |Instance: trim:2/sky130_fd_pr__nfet_01v8_l 
  (1,3) = (26,2)                           |  (1,3) = (26,2)                           
  2 = 1                                    |  2 = 1                                    
  4 = 26                                   |  4 = 26                                   
                                           |                                           
Instance: sky130_fd_pr__nfet_01v8_lvt:27   |Instance: trim:3/sky130_fd_pr__nfet_01v8_l 
  (1,3) = (26,2)                           |  (1,3) = (26,2)                           
  2 = 1                                    |  2 = 1                                    
  4 = 26                                   |  4 = 26                                   
                                           |                                           
Instance: sky130_fd_pr__nfet_01v8_lvt:37   |Instance: trim:3/sky130_fd_pr__nfet_01v8_l 
  (1,3) = (26,2)                           |  (1,3) = (26,2)                           
  2 = 1                                    |  2 = 1                                    
  4 = 26                                   |  4 = 26                                   
                                           |                                           
Instance: sky130_fd_pr__nfet_01v8_lvt:38   |Instance: trim:3/sky130_fd_pr__nfet_01v8_l 
  (1,3) = (26,2)                           |  (1,3) = (26,2)                           
  2 = 1                                    |  2 = 1                                    
  4 = 26                                   |  4 = 26                                   
                                           |                                           
(no matching instance)                     |Instance: trim:3/sky130_fd_pr__nfet_01v8_l 
                                           |  (1,3) = (26,2)                           
                                           |  2 = 1                                    
                                           |  4 = 26                                   
                                           |                                           
                                           |                                           
(no matching instance)                     |Instance: trim:3/sky130_fd_pr__nfet_01v8_l 
                                           |  (1,3) = (26,2)                           
                                           |  2 = 1                                    
                                           |  4 = 26                                   
                                           |                                           
---------------------------------------------------------------------------------------
Netlists do not match.

Subcircuit pins:
Circuit 1: comparator                      |Circuit 2: comparator                      
-------------------------------------------|-------------------------------------------
vdd                                        |vdd                                        
Cell pin lists are equivalent.
Device classes comparator and comparator are equivalent.

Final result: Netlists do not match.
