
Circuit 1 cell sky130_fd_pr__cap_mim_m3_1 and Circuit 2 cell sky130_fd_pr__cap_mim_m3_1 are black boxes.
Warning: Equate pins:  cell sky130_fd_pr__cap_mim_m3_1 is a placeholder, treated as a black box.
Warning: Equate pins:  cell sky130_fd_pr__cap_mim_m3_1 is a placeholder, treated as a black box.

Subcircuit pins:
Circuit 1: sky130_fd_pr__cap_mim_m3_1      |Circuit 2: sky130_fd_pr__cap_mim_m3_1      
-------------------------------------------|-------------------------------------------
1                                          |1                                          
2                                          |2                                          
---------------------------------------------------------------------------------------
Cell pin lists are equivalent.
Device classes sky130_fd_pr__cap_mim_m3_1 and sky130_fd_pr__cap_mim_m3_1 are equivalent.

Circuit 1 cell sky130_fd_pr__nfet_01v8_lvt and Circuit 2 cell sky130_fd_pr__nfet_01v8_lvt are black boxes.
Warning: Equate pins:  cell sky130_fd_pr__nfet_01v8_lvt is a placeholder, treated as a black box.
Warning: Equate pins:  cell sky130_fd_pr__nfet_01v8_lvt is a placeholder, treated as a black box.

Subcircuit pins:
Circuit 1: sky130_fd_pr__nfet_01v8_lvt     |Circuit 2: sky130_fd_pr__nfet_01v8_lvt     
-------------------------------------------|-------------------------------------------
1                                          |1                                          
2                                          |2                                          
3                                          |3                                          
4                                          |4                                          
---------------------------------------------------------------------------------------
Cell pin lists are equivalent.
Device classes sky130_fd_pr__nfet_01v8_lvt and sky130_fd_pr__nfet_01v8_lvt are equivalent.

Circuit 1 cell sky130_fd_pr__pfet_01v8 and Circuit 2 cell sky130_fd_pr__pfet_01v8 are black boxes.
Warning: Equate pins:  cell sky130_fd_pr__pfet_01v8 is a placeholder, treated as a black box.
Warning: Equate pins:  cell sky130_fd_pr__pfet_01v8 is a placeholder, treated as a black box.

Subcircuit pins:
Circuit 1: sky130_fd_pr__pfet_01v8         |Circuit 2: sky130_fd_pr__pfet_01v8         
-------------------------------------------|-------------------------------------------
1                                          |1                                          
2                                          |2                                          
3                                          |3                                          
4                                          |4                                          
---------------------------------------------------------------------------------------
Cell pin lists are equivalent.
Device classes sky130_fd_pr__pfet_01v8 and sky130_fd_pr__pfet_01v8 are equivalent.
Flattening unmatched subcell sky130_fd_pr__cap_mim_m3_1_FJK8MD in circuit trimcap (0)(1 instance)

Subcircuit summary:
Circuit 1: trimcap                         |Circuit 2: trimcap                         
-------------------------------------------|-------------------------------------------
sky130_fd_pr__cap_mim_m3_1 (1)             |sky130_fd_pr__cap_mim_m3_1 (1)             
Number of devices: 1                       |Number of devices: 1                       
Number of nets: 2                          |Number of nets: 2                          
---------------------------------------------------------------------------------------
Netlists match uniquely.

Subcircuit pins:
Circuit 1: trimcap                         |Circuit 2: trimcap                         
-------------------------------------------|-------------------------------------------
m1_176_1185#                               |cp **Mismatch**                            
m1_179_405#                                |cn **Mismatch**                            
---------------------------------------------------------------------------------------
Cell pin lists for trimcap and trimcap altered to match.
Device classes trimcap and trimcap are equivalent.

Circuit 1 cell sky130_fd_pr__nfet_01v8 and Circuit 2 cell sky130_fd_pr__nfet_01v8 are black boxes.
Warning: Equate pins:  cell sky130_fd_pr__nfet_01v8 is a placeholder, treated as a black box.
Warning: Equate pins:  cell sky130_fd_pr__nfet_01v8 is a placeholder, treated as a black box.

Subcircuit pins:
Circuit 1: sky130_fd_pr__nfet_01v8         |Circuit 2: sky130_fd_pr__nfet_01v8         
-------------------------------------------|-------------------------------------------
1                                          |1                                          
2                                          |2                                          
3                                          |3                                          
4                                          |4                                          
---------------------------------------------------------------------------------------
Cell pin lists are equivalent.
Device classes sky130_fd_pr__nfet_01v8 and sky130_fd_pr__nfet_01v8 are equivalent.
Flattening unmatched subcell sky130_fd_pr__nfet_01v8_lvt_763N5J in circuit trim (0)(2 instances)
Flattening unmatched subcell sky130_fd_pr__nfet_01v8_lvt_3SNHZA in circuit trim (0)(1 instance)
Flattening unmatched subcell sky130_fd_pr__nfet_01v8_lvt_FS2HZA in circuit trim (0)(1 instance)
Flattening unmatched subcell sky130_fd_pr__nfet_01v8_lvt_THUHZA in circuit trim (0)(1 instance)

Class trim (0):  Merged 11 parallel devices.
Class trim (1):  Merged 11 parallel devices.
Subcircuit summary:
Circuit 1: trim                            |Circuit 2: trim                            
-------------------------------------------|-------------------------------------------
sky130_fd_pr__nfet_01v8_lvt (16->5)        |sky130_fd_pr__nfet_01v8_lvt (16->5)        
trimcap (16)                               |trimcap (16)                               
Number of devices: 21                      |Number of devices: 21                      
Number of nets: 12                         |Number of nets: 12                         
---------------------------------------------------------------------------------------
Resolving symmetries by property value.
Resolving symmetries by pin name.
Netlists match with 3 symmetries.

Subcircuit pins:
Circuit 1: trim                            |Circuit 2: trim                            
-------------------------------------------|-------------------------------------------
drain                                      |drain                                      
d_4_                                       |d_4_                                       
d_3_                                       |d_3_                                       
d_2_                                       |d_2_                                       
d_0_                                       |d_0_                                       
d_1_                                       |d_1_                                       
vss                                        |vss                                        
---------------------------------------------------------------------------------------
Cell pin lists are equivalent.
Device classes trim and trim are equivalent.
Flattening unmatched subcell sky130_fd_pr__pfet_01v8_QE5SNW in circuit comparator (0)(2 instances)
Flattening unmatched subcell sky130_fd_pr__nfet_01v8_7UX3DE in circuit comparator (0)(3 instances)

Class comparator (0):  Merged 1 parallel devices.
Subcircuit summary:
Circuit 1: comparator                      |Circuit 2: comparator                      
-------------------------------------------|-------------------------------------------
sky130_fd_pr__pfet_01v8 (6)                |sky130_fd_pr__pfet_01v8 (6)                
trim (2)                                   |trim (2)                                   
sky130_fd_pr__nfet_01v8 (6->5)             |sky130_fd_pr__nfet_01v8 (6->5)             
Number of devices: 13                      |Number of devices: 13                      
Number of nets: 20                         |Number of nets: 20                         
---------------------------------------------------------------------------------------
Resolving symmetries by property value.
Resolving symmetries by pin name.
Netlists match uniquely.

Subcircuit pins:
Circuit 1: comparator                      |Circuit 2: comparator                      
-------------------------------------------|-------------------------------------------
vss                                        |vss                                        
trim_4_                                    |trim_4_                                    
trimb_4_                                   |trimb_4_                                   
trim_3_                                    |trim_3_                                    
trimb_3_                                   |trimb_3_                                   
trim_2_                                    |trim_2_                                    
trimb_2_                                   |trimb_2_                                   
trim_1_                                    |trim_1_                                    
trimb_1_                                   |trimb_1_                                   
trim_0_                                    |trim_0_                                    
trimb_0_                                   |trimb_0_                                   
vn                                         |vn                                         
vp                                         |vp                                         
vdd                                        |vdd                                        
clk                                        |clk                                        
outn                                       |outn                                       
outp                                       |outp                                       
---------------------------------------------------------------------------------------
Cell pin lists are equivalent.
Device classes comparator and comparator are equivalent.

Final result: Circuits match uniquely.
.
